[debug] [2024-08-14T12:15:25.190Z] ----------------------------------------------------------------------
[debug] [2024-08-14T12:15:25.193Z] Command:       C:\Program Files\nodejs\node.exe C:\Users\pc\AppData\Roaming\npm\node_modules\firebase-tools\lib\bin\firebase.js deploy
[debug] [2024-08-14T12:15:25.194Z] CLI Version:   13.15.1
[debug] [2024-08-14T12:15:25.194Z] Platform:      win32
[debug] [2024-08-14T12:15:25.194Z] Node Version:  v20.10.0
[debug] [2024-08-14T12:15:25.194Z] Time:          Wed Aug 14 2024 14:15:25 GMT+0200 (heure d’été d’Europe centrale)
[debug] [2024-08-14T12:15:25.194Z] ----------------------------------------------------------------------
[debug] 
[debug] [2024-08-14T12:15:25.266Z] > command requires scopes: ["email","openid","https://www.googleapis.com/auth/cloudplatformprojects.readonly","https://www.googleapis.com/auth/firebase","https://www.googleapis.com/auth/cloud-platform"]
[debug] [2024-08-14T12:15:25.266Z] > authorizing via signed-in user (hamza.eljaouhari.1995@gmail.com)
[debug] [2024-08-14T12:15:25.267Z] [iam] checking project vault-insight for permissions ["cloudfunctions.functions.create","cloudfunctions.functions.delete","cloudfunctions.functions.get","cloudfunctions.functions.list","cloudfunctions.functions.update","cloudfunctions.operations.get","firebase.projects.get"]
[debug] [2024-08-14T12:15:25.269Z] >>> [apiv2][query] POST https://cloudresourcemanager.googleapis.com/v1/projects/vault-insight:testIamPermissions [none]
[debug] [2024-08-14T12:15:25.269Z] >>> [apiv2][(partial)header] POST https://cloudresourcemanager.googleapis.com/v1/projects/vault-insight:testIamPermissions x-goog-quota-user=projects/vault-insight
[debug] [2024-08-14T12:15:25.269Z] >>> [apiv2][body] POST https://cloudresourcemanager.googleapis.com/v1/projects/vault-insight:testIamPermissions {"permissions":["cloudfunctions.functions.create","cloudfunctions.functions.delete","cloudfunctions.functions.get","cloudfunctions.functions.list","cloudfunctions.functions.update","cloudfunctions.operations.get","firebase.projects.get"]}
[debug] [2024-08-14T12:15:25.935Z] <<< [apiv2][status] POST https://cloudresourcemanager.googleapis.com/v1/projects/vault-insight:testIamPermissions 200
[debug] [2024-08-14T12:15:25.935Z] <<< [apiv2][body] POST https://cloudresourcemanager.googleapis.com/v1/projects/vault-insight:testIamPermissions {"permissions":["cloudfunctions.functions.create","cloudfunctions.functions.delete","cloudfunctions.functions.get","cloudfunctions.functions.list","cloudfunctions.functions.update","cloudfunctions.operations.get","firebase.projects.get"]}
[debug] [2024-08-14T12:15:25.936Z] >>> [apiv2][query] POST https://iam.googleapis.com/v1/projects/vault-insight/serviceAccounts/vault-insight@appspot.gserviceaccount.com:testIamPermissions [none]
[debug] [2024-08-14T12:15:25.936Z] >>> [apiv2][body] POST https://iam.googleapis.com/v1/projects/vault-insight/serviceAccounts/vault-insight@appspot.gserviceaccount.com:testIamPermissions {"permissions":["iam.serviceAccounts.actAs"]}
[debug] [2024-08-14T12:15:26.539Z] <<< [apiv2][status] POST https://iam.googleapis.com/v1/projects/vault-insight/serviceAccounts/vault-insight@appspot.gserviceaccount.com:testIamPermissions 200
[debug] [2024-08-14T12:15:26.540Z] <<< [apiv2][body] POST https://iam.googleapis.com/v1/projects/vault-insight/serviceAccounts/vault-insight@appspot.gserviceaccount.com:testIamPermissions {"permissions":["iam.serviceAccounts.actAs"]}
[info] 
[info] === Deploying to 'vault-insight'...
[info] 
[info] i  deploying functions 
[info] Running command: npm --prefix "$RESOURCE_DIR" run lint
[info] Running command: npm --prefix "$RESOURCE_DIR" run build
[info] +  functions: Finished running predeploy script. 
[debug] [2024-08-14T12:15:41.125Z] >>> [apiv2][query] GET https://firebase.googleapis.com/v1beta1/projects/vault-insight [none]
[debug] [2024-08-14T12:15:41.330Z] <<< [apiv2][status] GET https://firebase.googleapis.com/v1beta1/projects/vault-insight 200
[debug] [2024-08-14T12:15:41.331Z] <<< [apiv2][body] GET https://firebase.googleapis.com/v1beta1/projects/vault-insight {"projectId":"vault-insight","projectNumber":"735159432377","displayName":"Vault Insight","name":"projects/vault-insight","resources":{"hostingSite":"vault-insight"},"state":"ACTIVE","etag":"1_10be0a01-852b-4bdb-affa-7061003e90bd"}
[info] i  functions: preparing codebase default for deployment 
[info] i  functions: ensuring required API cloudfunctions.googleapis.com is enabled... 
[info] i  functions: ensuring required API cloudbuild.googleapis.com is enabled... 
[info] i  artifactregistry: ensuring required API artifactregistry.googleapis.com is enabled... 
[debug] [2024-08-14T12:15:41.337Z] >>> [apiv2][query] GET https://serviceusage.googleapis.com/v1/projects/vault-insight/services/cloudfunctions.googleapis.com [none]
[debug] [2024-08-14T12:15:41.337Z] >>> [apiv2][(partial)header] GET https://serviceusage.googleapis.com/v1/projects/vault-insight/services/cloudfunctions.googleapis.com x-goog-quota-user=projects/vault-insight
[debug] [2024-08-14T12:15:41.339Z] >>> [apiv2][query] GET https://serviceusage.googleapis.com/v1/projects/vault-insight/services/runtimeconfig.googleapis.com [none]
[debug] [2024-08-14T12:15:41.339Z] >>> [apiv2][(partial)header] GET https://serviceusage.googleapis.com/v1/projects/vault-insight/services/runtimeconfig.googleapis.com x-goog-quota-user=projects/vault-insight
[debug] [2024-08-14T12:15:41.342Z] >>> [apiv2][query] GET https://serviceusage.googleapis.com/v1/projects/vault-insight/services/cloudbuild.googleapis.com [none]
[debug] [2024-08-14T12:15:41.342Z] >>> [apiv2][(partial)header] GET https://serviceusage.googleapis.com/v1/projects/vault-insight/services/cloudbuild.googleapis.com x-goog-quota-user=projects/vault-insight
[debug] [2024-08-14T12:15:41.345Z] >>> [apiv2][query] GET https://serviceusage.googleapis.com/v1/projects/vault-insight/services/artifactregistry.googleapis.com [none]
[debug] [2024-08-14T12:15:41.345Z] >>> [apiv2][(partial)header] GET https://serviceusage.googleapis.com/v1/projects/vault-insight/services/artifactregistry.googleapis.com x-goog-quota-user=projects/vault-insight
[debug] [2024-08-14T12:15:42.127Z] <<< [apiv2][status] GET https://serviceusage.googleapis.com/v1/projects/vault-insight/services/runtimeconfig.googleapis.com 200
[debug] [2024-08-14T12:15:42.129Z] <<< [apiv2][body] GET https://serviceusage.googleapis.com/v1/projects/vault-insight/services/runtimeconfig.googleapis.com [omitted]
[debug] [2024-08-14T12:15:42.148Z] <<< [apiv2][status] GET https://serviceusage.googleapis.com/v1/projects/vault-insight/services/cloudbuild.googleapis.com 200
[debug] [2024-08-14T12:15:42.148Z] <<< [apiv2][body] GET https://serviceusage.googleapis.com/v1/projects/vault-insight/services/cloudbuild.googleapis.com [omitted]
[info] +  functions: required API cloudbuild.googleapis.com is enabled 
[debug] [2024-08-14T12:15:42.151Z] <<< [apiv2][status] GET https://serviceusage.googleapis.com/v1/projects/vault-insight/services/artifactregistry.googleapis.com 200
[debug] [2024-08-14T12:15:42.151Z] <<< [apiv2][body] GET https://serviceusage.googleapis.com/v1/projects/vault-insight/services/artifactregistry.googleapis.com [omitted]
[info] +  artifactregistry: required API artifactregistry.googleapis.com is enabled 
[debug] [2024-08-14T12:15:42.153Z] <<< [apiv2][status] GET https://serviceusage.googleapis.com/v1/projects/vault-insight/services/cloudfunctions.googleapis.com 200
[debug] [2024-08-14T12:15:42.153Z] <<< [apiv2][body] GET https://serviceusage.googleapis.com/v1/projects/vault-insight/services/cloudfunctions.googleapis.com [omitted]
[info] +  functions: required API cloudfunctions.googleapis.com is enabled 
[debug] [2024-08-14T12:15:42.154Z] >>> [apiv2][query] GET https://firebase.googleapis.com/v1beta1/projects/vault-insight/adminSdkConfig [none]
[debug] [2024-08-14T12:15:42.352Z] <<< [apiv2][status] GET https://firebase.googleapis.com/v1beta1/projects/vault-insight/adminSdkConfig 200
[debug] [2024-08-14T12:15:42.353Z] <<< [apiv2][body] GET https://firebase.googleapis.com/v1beta1/projects/vault-insight/adminSdkConfig {"projectId":"vault-insight","storageBucket":"vault-insight.appspot.com"}
[debug] [2024-08-14T12:15:42.353Z] >>> [apiv2][query] GET https://runtimeconfig.googleapis.com/v1beta1/projects/vault-insight/configs [none]
[debug] [2024-08-14T12:15:42.525Z] <<< [apiv2][status] GET https://runtimeconfig.googleapis.com/v1beta1/projects/vault-insight/configs 200
[debug] [2024-08-14T12:15:42.525Z] <<< [apiv2][body] GET https://runtimeconfig.googleapis.com/v1beta1/projects/vault-insight/configs {"configs":[{"name":"projects/vault-insight/configs/stripe"}]}
[debug] [2024-08-14T12:15:42.526Z] >>> [apiv2][query] GET https://runtimeconfig.googleapis.com/v1beta1/projects/vault-insight/configs/stripe/variables [none]
[debug] [2024-08-14T12:15:42.659Z] <<< [apiv2][status] GET https://runtimeconfig.googleapis.com/v1beta1/projects/vault-insight/configs/stripe/variables 200
[debug] [2024-08-14T12:15:42.659Z] <<< [apiv2][body] GET https://runtimeconfig.googleapis.com/v1beta1/projects/vault-insight/configs/stripe/variables {"variables":[{"name":"projects/vault-insight/configs/stripe/variables/secret_key","updateTime":"2024-08-14T01:16:42.544461394Z"}]}
[debug] [2024-08-14T12:15:42.660Z] >>> [apiv2][query] GET https://runtimeconfig.googleapis.com/v1beta1/projects/vault-insight/configs/stripe/variables/secret_key [none]
[debug] [2024-08-14T12:15:42.805Z] <<< [apiv2][status] GET https://runtimeconfig.googleapis.com/v1beta1/projects/vault-insight/configs/stripe/variables/secret_key 200
[debug] [2024-08-14T12:15:42.805Z] <<< [apiv2][body] GET https://runtimeconfig.googleapis.com/v1beta1/projects/vault-insight/configs/stripe/variables/secret_key {"name":"projects/vault-insight/configs/stripe/variables/secret_key","updateTime":"2024-08-14T01:16:42.544461394Z","text":"sk_test_51PnVGfP9kuBAMTK7DERgNBnTRDEnhTG9HB7PeiPVspuGq9ost4uxQ3x8dbuSb0Rj17AU1QGcT73uxSra9ihr7oZe002ljcuPhR"}
[debug] [2024-08-14T12:15:42.808Z] Validating nodejs source
[debug] [2024-08-14T12:15:44.063Z] > [functions] package.json contents: {
  "name": "functions",
  "scripts": {
    "lint": "eslint --ext .js,.ts .",
    "build": "tsc",
    "build:watch": "tsc --watch",
    "serve": "npm run build && firebase emulators:start --only functions",
    "shell": "npm run build && firebase functions:shell",
    "start": "npm run shell",
    "deploy": "firebase deploy --only functions",
    "logs": "firebase functions:log"
  },
  "engines": {
    "node": "18"
  },
  "main": "lib/index.js",
  "dependencies": {
    "firebase-admin": "^12.1.0",
    "firebase-functions": "^5.0.0",
    "stripe": "^16.7.0"
  },
  "devDependencies": {
    "@typescript-eslint/eslint-plugin": "^5.12.0",
    "@typescript-eslint/parser": "^5.12.0",
    "eslint": "^8.9.0",
    "eslint-config-google": "^0.14.0",
    "eslint-plugin-import": "^2.25.4",
    "firebase-functions-test": "^3.1.0",
    "typescript": "^4.9.0"
  },
  "private": true
}
[debug] [2024-08-14T12:15:44.063Z] Building nodejs source
[info] i  functions: Loading and analyzing source code for codebase default to determine what to deploy 
[debug] [2024-08-14T12:15:44.064Z] Could not find functions.yaml. Must use http discovery
[debug] [2024-08-14T12:15:44.072Z] Found firebase-functions binary at 'C:\Users\pc\Documents\tresorerie-management\functions\node_modules\.bin\firebase-functions'
[info] Serving at port 8600

[debug] [2024-08-14T12:15:44.518Z] Got response from /__/functions.yaml {"endpoints":{"helloWorld":{"availableMemoryMb":null,"timeoutSeconds":null,"minInstances":null,"maxInstances":null,"ingressSettings":null,"concurrency":null,"serviceAccountEmail":null,"vpc":null,"platform":"gcfv2","labels":{},"httpsTrigger":{},"entryPoint":"helloWorld"}},"specVersion":"v1alpha1","requiredAPIs":[]}
[info] i  functions: preparing functions directory for uploading... 
[info] i  functions: packaged C:\Users\pc\Documents\tresorerie-management\functions (83.9 KB) for uploading 
[debug] [2024-08-14T12:15:49.678Z] >>> [apiv2][query] GET https://cloudfunctions.googleapis.com/v1/projects/vault-insight/locations/-/functions [none]
[debug] [2024-08-14T12:15:50.200Z] <<< [apiv2][status] GET https://cloudfunctions.googleapis.com/v1/projects/vault-insight/locations/-/functions 200
[debug] [2024-08-14T12:15:50.200Z] <<< [apiv2][body] GET https://cloudfunctions.googleapis.com/v1/projects/vault-insight/locations/-/functions {}
[debug] [2024-08-14T12:15:50.202Z] >>> [apiv2][query] GET https://cloudfunctions.googleapis.com/v2/projects/vault-insight/locations/-/functions filter=environment%3D%22GEN_2%22
[debug] [2024-08-14T12:15:52.935Z] <<< [apiv2][status] GET https://cloudfunctions.googleapis.com/v2/projects/vault-insight/locations/-/functions 200
[debug] [2024-08-14T12:15:52.936Z] <<< [apiv2][body] GET https://cloudfunctions.googleapis.com/v2/projects/vault-insight/locations/-/functions {"functions":[{"name":"projects/vault-insight/locations/us-central1/functions/createPaymentIntent","buildConfig":{"build":"projects/735159432377/locations/us-central1/builds/12a26900-8bd4-468a-a78f-3a1abe99d9b8","runtime":"nodejs18","entryPoint":"createPaymentIntent","source":{"storageSource":{"bucket":"gcf-v2-sources-735159432377-us-central1","object":"createPaymentIntent/function-source.zip","generation":"1723637324005120"}},"environmentVariables":{"GOOGLE_NODE_RUN_SCRIPTS":""},"dockerRepository":"projects/vault-insight/locations/us-central1/repositories/gcf-artifacts","sourceProvenance":{"resolvedStorageSource":{"bucket":"gcf-v2-sources-735159432377-us-central1","object":"createPaymentIntent/function-source.zip","generation":"1723637324005120"}},"dockerRegistry":"ARTIFACT_REGISTRY","serviceAccount":"projects/vault-insight/serviceAccounts/735159432377-compute@developer.gserviceaccount.com","automaticUpdatePolicy":{}},"state":"FAILED","updateTime":"2024-08-14T12:10:01.351569650Z","labels":{"firebase-functions-hash":"c894dc70fdd7eb804f7aee933adbed335e25e763","deployment-tool":"cli-firebase"},"stateMessages":[{"severity":"ERROR","type":"CloudRunServiceNotFound","message":"Cloud Run service projects/vault-insight/locations/us-central1/services/createpaymentintent for the function was not found. The function will not work correctly. Please redeploy."}],"environment":"GEN_2","url":"https://us-central1-vault-insight.cloudfunctions.net/createPaymentIntent","createTime":"2024-08-14T12:08:44.282479834Z"}]}
[info] i  functions: ensuring required API run.googleapis.com is enabled... 
[info] i  functions: ensuring required API eventarc.googleapis.com is enabled... 
[info] i  functions: ensuring required API pubsub.googleapis.com is enabled... 
[info] i  functions: ensuring required API storage.googleapis.com is enabled... 
[debug] [2024-08-14T12:15:52.952Z] >>> [apiv2][query] GET https://serviceusage.googleapis.com/v1/projects/vault-insight/services/run.googleapis.com [none]
[debug] [2024-08-14T12:15:52.953Z] >>> [apiv2][(partial)header] GET https://serviceusage.googleapis.com/v1/projects/vault-insight/services/run.googleapis.com x-goog-quota-user=projects/vault-insight
[debug] [2024-08-14T12:15:52.960Z] >>> [apiv2][query] GET https://serviceusage.googleapis.com/v1/projects/vault-insight/services/eventarc.googleapis.com [none]
[debug] [2024-08-14T12:15:52.961Z] >>> [apiv2][(partial)header] GET https://serviceusage.googleapis.com/v1/projects/vault-insight/services/eventarc.googleapis.com x-goog-quota-user=projects/vault-insight
[debug] [2024-08-14T12:15:52.968Z] >>> [apiv2][query] GET https://serviceusage.googleapis.com/v1/projects/vault-insight/services/pubsub.googleapis.com [none]
[debug] [2024-08-14T12:15:52.968Z] >>> [apiv2][(partial)header] GET https://serviceusage.googleapis.com/v1/projects/vault-insight/services/pubsub.googleapis.com x-goog-quota-user=projects/vault-insight
[debug] [2024-08-14T12:15:52.975Z] >>> [apiv2][query] GET https://serviceusage.googleapis.com/v1/projects/vault-insight/services/storage.googleapis.com [none]
[debug] [2024-08-14T12:15:52.975Z] >>> [apiv2][(partial)header] GET https://serviceusage.googleapis.com/v1/projects/vault-insight/services/storage.googleapis.com x-goog-quota-user=projects/vault-insight
[debug] [2024-08-14T12:15:53.740Z] <<< [apiv2][status] GET https://serviceusage.googleapis.com/v1/projects/vault-insight/services/run.googleapis.com 200
[debug] [2024-08-14T12:15:53.740Z] <<< [apiv2][body] GET https://serviceusage.googleapis.com/v1/projects/vault-insight/services/run.googleapis.com [omitted]
[info] +  functions: required API run.googleapis.com is enabled 
[debug] [2024-08-14T12:15:53.751Z] <<< [apiv2][status] GET https://serviceusage.googleapis.com/v1/projects/vault-insight/services/storage.googleapis.com 200
[debug] [2024-08-14T12:15:53.751Z] <<< [apiv2][body] GET https://serviceusage.googleapis.com/v1/projects/vault-insight/services/storage.googleapis.com [omitted]
[info] +  functions: required API storage.googleapis.com is enabled 
[debug] [2024-08-14T12:15:53.819Z] <<< [apiv2][status] GET https://serviceusage.googleapis.com/v1/projects/vault-insight/services/eventarc.googleapis.com 200
[debug] [2024-08-14T12:15:53.820Z] <<< [apiv2][body] GET https://serviceusage.googleapis.com/v1/projects/vault-insight/services/eventarc.googleapis.com [omitted]
[info] +  functions: required API eventarc.googleapis.com is enabled 
[debug] [2024-08-14T12:15:53.825Z] <<< [apiv2][status] GET https://serviceusage.googleapis.com/v1/projects/vault-insight/services/pubsub.googleapis.com 200
[debug] [2024-08-14T12:15:53.826Z] <<< [apiv2][body] GET https://serviceusage.googleapis.com/v1/projects/vault-insight/services/pubsub.googleapis.com [omitted]
[info] +  functions: required API pubsub.googleapis.com is enabled 
[info] i  functions: generating the service identity for pubsub.googleapis.com... 
[info] i  functions: generating the service identity for eventarc.googleapis.com... 
[debug] [2024-08-14T12:15:53.832Z] >>> [apiv2][query] POST https://serviceusage.googleapis.com/v1beta1/projects/735159432377/services/pubsub.googleapis.com:generateServiceIdentity [none]
[debug] [2024-08-14T12:15:53.834Z] >>> [apiv2][query] POST https://serviceusage.googleapis.com/v1beta1/projects/735159432377/services/eventarc.googleapis.com:generateServiceIdentity [none]
[debug] [2024-08-14T12:15:54.243Z] <<< [apiv2][status] POST https://serviceusage.googleapis.com/v1beta1/projects/735159432377/services/eventarc.googleapis.com:generateServiceIdentity 200
[debug] [2024-08-14T12:15:54.243Z] <<< [apiv2][body] POST https://serviceusage.googleapis.com/v1beta1/projects/735159432377/services/eventarc.googleapis.com:generateServiceIdentity {"name":"operations/finished.DONE_OPERATION","done":true,"response":{"@type":"type.googleapis.com/google.api.serviceusage.v1beta1.ServiceIdentity","email":"service-735159432377@gcp-sa-eventarc.iam.gserviceaccount.com","uniqueId":"113576179741343637051"}}
[debug] [2024-08-14T12:15:54.765Z] <<< [apiv2][status] POST https://serviceusage.googleapis.com/v1beta1/projects/735159432377/services/pubsub.googleapis.com:generateServiceIdentity 200
[debug] [2024-08-14T12:15:54.765Z] <<< [apiv2][body] POST https://serviceusage.googleapis.com/v1beta1/projects/735159432377/services/pubsub.googleapis.com:generateServiceIdentity {"name":"operations/finished.DONE_OPERATION","done":true,"response":{"@type":"type.googleapis.com/google.api.serviceusage.v1beta1.ServiceIdentity","email":"service-735159432377@gcp-sa-pubsub.iam.gserviceaccount.com","uniqueId":"112608026719153445071"}}
[debug] [2024-08-14T12:15:54.773Z] >>> [apiv2][query] GET https://firebase.googleapis.com/v1beta1/projects/vault-insight [none]
[debug] [2024-08-14T12:15:54.979Z] <<< [apiv2][status] GET https://firebase.googleapis.com/v1beta1/projects/vault-insight 200
[debug] [2024-08-14T12:15:54.980Z] <<< [apiv2][body] GET https://firebase.googleapis.com/v1beta1/projects/vault-insight {"projectId":"vault-insight","projectNumber":"735159432377","displayName":"Vault Insight","name":"projects/vault-insight","resources":{"hostingSite":"vault-insight"},"state":"ACTIVE","etag":"1_10be0a01-852b-4bdb-affa-7061003e90bd"}
[debug] [2024-08-14T12:15:54.983Z] [functions] found 1 new HTTP functions, testing setIamPolicy permission...
[debug] [2024-08-14T12:15:54.985Z] >>> [apiv2][query] POST https://cloudresourcemanager.googleapis.com/v1/projects/vault-insight:testIamPermissions [none]
[debug] [2024-08-14T12:15:54.985Z] >>> [apiv2][(partial)header] POST https://cloudresourcemanager.googleapis.com/v1/projects/vault-insight:testIamPermissions x-goog-quota-user=projects/vault-insight
[debug] [2024-08-14T12:15:54.985Z] >>> [apiv2][body] POST https://cloudresourcemanager.googleapis.com/v1/projects/vault-insight:testIamPermissions {"permissions":["cloudfunctions.functions.setIamPolicy"]}
[debug] [2024-08-14T12:15:55.566Z] <<< [apiv2][status] POST https://cloudresourcemanager.googleapis.com/v1/projects/vault-insight:testIamPermissions 200
[debug] [2024-08-14T12:15:55.566Z] <<< [apiv2][body] POST https://cloudresourcemanager.googleapis.com/v1/projects/vault-insight:testIamPermissions {"permissions":["cloudfunctions.functions.setIamPolicy"]}
[debug] [2024-08-14T12:15:55.567Z] [functions] found setIamPolicy permission, proceeding with deploy
[debug] [2024-08-14T12:15:55.569Z] >>> [apiv2][query] POST https://cloudfunctions.googleapis.com/v2/projects/vault-insight/locations/us-central1/functions:generateUploadUrl [none]
[debug] [2024-08-14T12:15:56.325Z] <<< [apiv2][status] POST https://cloudfunctions.googleapis.com/v2/projects/vault-insight/locations/us-central1/functions:generateUploadUrl 200
[debug] [2024-08-14T12:15:56.326Z] <<< [apiv2][body] POST https://cloudfunctions.googleapis.com/v2/projects/vault-insight/locations/us-central1/functions:generateUploadUrl {"uploadUrl":"https://storage.googleapis.com/gcf-v2-uploads-735159432377-us-central1/65f91386-f2ae-4a9c-ac42-a3a1d3b79681.zip?GoogleAccessId=service-735159432377@gcf-admin-robot.iam.gserviceaccount.com&Expires=1723639556&Signature=RjpiYvIQwuYF6VWaKqlT05I0s3Onh9uo8OScU2W8IAMXp9%2BBZBGaHTycEf3zvvMpdT5hJiObNi84PkN93x0LU7MptSG7PX5YCCVmmM9IGRdZPtwR65u%2BhL333538OxK7aI2bEeXjF0BRDTH4iqmZ6yeoUpzBkU6UowiQObP%2B0t2lS8ch4kmYRVGGzMvS0E7S6qCa%2B%2BTkp3PiFMd3GOPgY0bfUmD8Vc0%2BQwX%2Fq5MBLxmnV0bXexM7H7el9yXe0IHs5OcfhRaYLNPHeU3IVi0%2F3F3yuWD77uww2bUXpGgV5XvgdbTgaHz7JDOFMFEOrGhyWYCS0gKzYjG42h13nPEHng%3D%3D","storageSource":{"bucket":"gcf-v2-uploads-735159432377-us-central1","object":"65f91386-f2ae-4a9c-ac42-a3a1d3b79681.zip"}}
[debug] [2024-08-14T12:15:56.330Z] >>> [apiv2][query] PUT https://storage.googleapis.com/gcf-v2-uploads-735159432377-us-central1/65f91386-f2ae-4a9c-ac42-a3a1d3b79681.zip GoogleAccessId=service-735159432377%40gcf-admin-robot.iam.gserviceaccount.com&Expires=1723639556&Signature=RjpiYvIQwuYF6VWaKqlT05I0s3Onh9uo8OScU2W8IAMXp9%2BBZBGaHTycEf3zvvMpdT5hJiObNi84PkN93x0LU7MptSG7PX5YCCVmmM9IGRdZPtwR65u%2BhL333538OxK7aI2bEeXjF0BRDTH4iqmZ6yeoUpzBkU6UowiQObP%2B0t2lS8ch4kmYRVGGzMvS0E7S6qCa%2B%2BTkp3PiFMd3GOPgY0bfUmD8Vc0%2BQwX%2Fq5MBLxmnV0bXexM7H7el9yXe0IHs5OcfhRaYLNPHeU3IVi0%2F3F3yuWD77uww2bUXpGgV5XvgdbTgaHz7JDOFMFEOrGhyWYCS0gKzYjG42h13nPEHng%3D%3D
[debug] [2024-08-14T12:15:56.330Z] >>> [apiv2][body] PUT https://storage.googleapis.com/gcf-v2-uploads-735159432377-us-central1/65f91386-f2ae-4a9c-ac42-a3a1d3b79681.zip [stream]
[debug] [2024-08-14T12:15:56.853Z] <<< [apiv2][status] PUT https://storage.googleapis.com/gcf-v2-uploads-735159432377-us-central1/65f91386-f2ae-4a9c-ac42-a3a1d3b79681.zip 200
[debug] [2024-08-14T12:15:56.854Z] <<< [apiv2][body] PUT https://storage.googleapis.com/gcf-v2-uploads-735159432377-us-central1/65f91386-f2ae-4a9c-ac42-a3a1d3b79681.zip [omitted]
[info] +  functions: functions folder uploaded successfully 
[info] i  functions: creating Node.js 18 (2nd Gen) function helloWorld(us-central1)... 
[debug] [2024-08-14T12:15:56.875Z] >>> [apiv2][query] POST https://cloudfunctions.googleapis.com/v2/projects/vault-insight/locations/us-central1/functions functionId=helloWorld
[debug] [2024-08-14T12:15:56.876Z] >>> [apiv2][body] POST https://cloudfunctions.googleapis.com/v2/projects/vault-insight/locations/us-central1/functions {"name":"projects/vault-insight/locations/us-central1/functions/helloWorld","buildConfig":{"runtime":"nodejs18","entryPoint":"helloWorld","source":{"storageSource":{"bucket":"gcf-v2-uploads-735159432377-us-central1","object":"65f91386-f2ae-4a9c-ac42-a3a1d3b79681.zip"}},"environmentVariables":{"GOOGLE_NODE_RUN_SCRIPTS":""}},"serviceConfig":{"environmentVariables":{"FIREBASE_CONFIG":"{\"projectId\":\"vault-insight\",\"storageBucket\":\"vault-insight.appspot.com\"}","GCLOUD_PROJECT":"vault-insight","EVENTARC_CLOUD_EVENT_SOURCE":"projects/vault-insight/locations/us-central1/services/helloWorld","FUNCTION_TARGET":"helloWorld"},"ingressSettings":null,"timeoutSeconds":null,"serviceAccountEmail":null,"availableMemory":"256Mi","minInstanceCount":null,"maxInstanceCount":null,"maxInstanceRequestConcurrency":80,"availableCpu":"1","vpcConnector":null,"vpcConnectorEgressSettings":null},"labels":{"deployment-tool":"cli-firebase","firebase-functions-hash":"f656b448b24e31817d7e69ec876726d47f232e00"}}
[debug] [2024-08-14T12:15:58.105Z] <<< [apiv2][status] POST https://cloudfunctions.googleapis.com/v2/projects/vault-insight/locations/us-central1/functions 200
[debug] [2024-08-14T12:15:58.106Z] <<< [apiv2][body] POST https://cloudfunctions.googleapis.com/v2/projects/vault-insight/locations/us-central1/functions {"name":"projects/vault-insight/locations/us-central1/operations/operation-1723637757515-61fa3b0421533-5bb6e79b-e3d38882","metadata":{"@type":"type.googleapis.com/google.cloud.functions.v2.OperationMetadata","createTime":"2024-08-14T12:15:58.068321910Z","target":"projects/vault-insight/locations/us-central1/functions/helloWorld","verb":"create","cancelRequested":false,"apiVersion":"v2"},"done":false}
[debug] [2024-08-14T12:15:58.109Z] >>> [apiv2][query] GET https://cloudfunctions.googleapis.com/v2/projects/vault-insight/locations/us-central1/operations/operation-1723637757515-61fa3b0421533-5bb6e79b-e3d38882 [none]
[debug] [2024-08-14T12:15:58.766Z] <<< [apiv2][status] GET https://cloudfunctions.googleapis.com/v2/projects/vault-insight/locations/us-central1/operations/operation-1723637757515-61fa3b0421533-5bb6e79b-e3d38882 200
[debug] [2024-08-14T12:15:58.766Z] <<< [apiv2][body] GET https://cloudfunctions.googleapis.com/v2/projects/vault-insight/locations/us-central1/operations/operation-1723637757515-61fa3b0421533-5bb6e79b-e3d38882 {"name":"projects/vault-insight/locations/us-central1/operations/operation-1723637757515-61fa3b0421533-5bb6e79b-e3d38882","metadata":{"@type":"type.googleapis.com/google.cloud.functions.v2.OperationMetadata","createTime":"2024-08-14T12:15:58.068321910Z","target":"projects/vault-insight/locations/us-central1/functions/helloWorld","verb":"create","cancelRequested":false,"apiVersion":"v2","requestResource":{"@type":"type.googleapis.com/google.cloud.functions.v2.Function","name":"projects/vault-insight/locations/us-central1/functions/helloWorld","buildConfig":{"runtime":"nodejs18","entryPoint":"helloWorld","source":{"storageSource":{"bucket":"gcf-v2-sources-735159432377-us-central1","object":"helloWorld/function-source.zip","generation":"1723637757826282"}},"environmentVariables":{"GOOGLE_NODE_RUN_SCRIPTS":""},"serviceAccount":"projects/vault-insight/serviceAccounts/735159432377-compute@developer.gserviceaccount.com","automaticUpdatePolicy":{}},"serviceConfig":{"service":"projects/vault-insight/locations/us-central1/services/helloworld","timeoutSeconds":60,"environmentVariables":{"FIREBASE_CONFIG":"{\"projectId\":\"vault-insight\",\"storageBucket\":\"vault-insight.appspot.com\"}","GCLOUD_PROJECT":"vault-insight","EVENTARC_CLOUD_EVENT_SOURCE":"projects/vault-insight/locations/us-central1/services/helloWorld","FUNCTION_TARGET":"helloWorld","LOG_EXECUTION_ID":"true"},"ingressSettings":"ALLOW_ALL","serviceAccountEmail":"735159432377-compute@developer.gserviceaccount.com","availableMemory":"256Mi","maxInstanceRequestConcurrency":80,"availableCpu":"1"},"labels":{"deployment-tool":"cli-firebase","firebase-functions-hash":"f656b448b24e31817d7e69ec876726d47f232e00"},"environment":"GEN_2"},"stages":[{"name":"BUILD","state":"NOT_STARTED"},{"name":"SERVICE","state":"NOT_STARTED"}],"operationType":"CREATE_FUNCTION"},"done":false}
[debug] [2024-08-14T12:15:59.274Z] [create-default-us-central1-helloWorld] Retrying task index 0
[debug] [2024-08-14T12:15:59.275Z] >>> [apiv2][query] GET https://cloudfunctions.googleapis.com/v2/projects/vault-insight/locations/us-central1/operations/operation-1723637757515-61fa3b0421533-5bb6e79b-e3d38882 [none]
[debug] [2024-08-14T12:15:59.937Z] <<< [apiv2][status] GET https://cloudfunctions.googleapis.com/v2/projects/vault-insight/locations/us-central1/operations/operation-1723637757515-61fa3b0421533-5bb6e79b-e3d38882 200
[debug] [2024-08-14T12:15:59.937Z] <<< [apiv2][body] GET https://cloudfunctions.googleapis.com/v2/projects/vault-insight/locations/us-central1/operations/operation-1723637757515-61fa3b0421533-5bb6e79b-e3d38882 {"name":"projects/vault-insight/locations/us-central1/operations/operation-1723637757515-61fa3b0421533-5bb6e79b-e3d38882","metadata":{"@type":"type.googleapis.com/google.cloud.functions.v2.OperationMetadata","createTime":"2024-08-14T12:15:58.068321910Z","target":"projects/vault-insight/locations/us-central1/functions/helloWorld","verb":"create","cancelRequested":false,"apiVersion":"v2","requestResource":{"@type":"type.googleapis.com/google.cloud.functions.v2.Function","name":"projects/vault-insight/locations/us-central1/functions/helloWorld","buildConfig":{"runtime":"nodejs18","entryPoint":"helloWorld","source":{"storageSource":{"bucket":"gcf-v2-sources-735159432377-us-central1","object":"helloWorld/function-source.zip","generation":"1723637757826282"}},"environmentVariables":{"GOOGLE_NODE_RUN_SCRIPTS":""},"serviceAccount":"projects/vault-insight/serviceAccounts/735159432377-compute@developer.gserviceaccount.com","automaticUpdatePolicy":{}},"serviceConfig":{"service":"projects/vault-insight/locations/us-central1/services/helloworld","timeoutSeconds":60,"environmentVariables":{"FIREBASE_CONFIG":"{\"projectId\":\"vault-insight\",\"storageBucket\":\"vault-insight.appspot.com\"}","GCLOUD_PROJECT":"vault-insight","EVENTARC_CLOUD_EVENT_SOURCE":"projects/vault-insight/locations/us-central1/services/helloWorld","FUNCTION_TARGET":"helloWorld","LOG_EXECUTION_ID":"true"},"ingressSettings":"ALLOW_ALL","serviceAccountEmail":"735159432377-compute@developer.gserviceaccount.com","availableMemory":"256Mi","maxInstanceRequestConcurrency":80,"availableCpu":"1"},"labels":{"deployment-tool":"cli-firebase","firebase-functions-hash":"f656b448b24e31817d7e69ec876726d47f232e00"},"environment":"GEN_2"},"stages":[{"name":"BUILD","message":"Build in progress","state":"IN_PROGRESS","resource":"projects/735159432377/locations/us-central1/builds/e021c43b-c5f4-465f-aee5-f93d77990fe2","resourceUri":"https://console.cloud.google.com/cloud-build/builds;region=us-central1/e021c43b-c5f4-465f-aee5-f93d77990fe2?project=735159432377"},{"name":"SERVICE","state":"NOT_STARTED"}],"operationType":"CREATE_FUNCTION","buildName":"projects/735159432377/locations/us-central1/builds/e021c43b-c5f4-465f-aee5-f93d77990fe2"},"done":false}
[debug] [2024-08-14T12:16:00.949Z] [create-default-us-central1-helloWorld] Retrying task index 0
[debug] [2024-08-14T12:16:00.950Z] >>> [apiv2][query] GET https://cloudfunctions.googleapis.com/v2/projects/vault-insight/locations/us-central1/operations/operation-1723637757515-61fa3b0421533-5bb6e79b-e3d38882 [none]
[debug] [2024-08-14T12:16:01.616Z] <<< [apiv2][status] GET https://cloudfunctions.googleapis.com/v2/projects/vault-insight/locations/us-central1/operations/operation-1723637757515-61fa3b0421533-5bb6e79b-e3d38882 200
[debug] [2024-08-14T12:16:01.617Z] <<< [apiv2][body] GET https://cloudfunctions.googleapis.com/v2/projects/vault-insight/locations/us-central1/operations/operation-1723637757515-61fa3b0421533-5bb6e79b-e3d38882 {"name":"projects/vault-insight/locations/us-central1/operations/operation-1723637757515-61fa3b0421533-5bb6e79b-e3d38882","metadata":{"@type":"type.googleapis.com/google.cloud.functions.v2.OperationMetadata","createTime":"2024-08-14T12:15:58.068321910Z","target":"projects/vault-insight/locations/us-central1/functions/helloWorld","verb":"create","cancelRequested":false,"apiVersion":"v2","requestResource":{"@type":"type.googleapis.com/google.cloud.functions.v2.Function","name":"projects/vault-insight/locations/us-central1/functions/helloWorld","buildConfig":{"runtime":"nodejs18","entryPoint":"helloWorld","source":{"storageSource":{"bucket":"gcf-v2-sources-735159432377-us-central1","object":"helloWorld/function-source.zip","generation":"1723637757826282"}},"environmentVariables":{"GOOGLE_NODE_RUN_SCRIPTS":""},"serviceAccount":"projects/vault-insight/serviceAccounts/735159432377-compute@developer.gserviceaccount.com","automaticUpdatePolicy":{}},"serviceConfig":{"service":"projects/vault-insight/locations/us-central1/services/helloworld","timeoutSeconds":60,"environmentVariables":{"FIREBASE_CONFIG":"{\"projectId\":\"vault-insight\",\"storageBucket\":\"vault-insight.appspot.com\"}","GCLOUD_PROJECT":"vault-insight","EVENTARC_CLOUD_EVENT_SOURCE":"projects/vault-insight/locations/us-central1/services/helloWorld","FUNCTION_TARGET":"helloWorld","LOG_EXECUTION_ID":"true"},"ingressSettings":"ALLOW_ALL","serviceAccountEmail":"735159432377-compute@developer.gserviceaccount.com","availableMemory":"256Mi","maxInstanceRequestConcurrency":80,"availableCpu":"1"},"labels":{"deployment-tool":"cli-firebase","firebase-functions-hash":"f656b448b24e31817d7e69ec876726d47f232e00"},"environment":"GEN_2"},"stages":[{"name":"BUILD","message":"Build in progress","state":"IN_PROGRESS","resource":"projects/735159432377/locations/us-central1/builds/e021c43b-c5f4-465f-aee5-f93d77990fe2","resourceUri":"https://console.cloud.google.com/cloud-build/builds;region=us-central1/e021c43b-c5f4-465f-aee5-f93d77990fe2?project=735159432377"},{"name":"SERVICE","state":"NOT_STARTED"}],"operationType":"CREATE_FUNCTION","buildName":"projects/735159432377/locations/us-central1/builds/e021c43b-c5f4-465f-aee5-f93d77990fe2"},"done":false}
[debug] [2024-08-14T12:16:03.625Z] [create-default-us-central1-helloWorld] Retrying task index 0
[debug] [2024-08-14T12:16:03.626Z] >>> [apiv2][query] GET https://cloudfunctions.googleapis.com/v2/projects/vault-insight/locations/us-central1/operations/operation-1723637757515-61fa3b0421533-5bb6e79b-e3d38882 [none]
[debug] [2024-08-14T12:16:04.264Z] <<< [apiv2][status] GET https://cloudfunctions.googleapis.com/v2/projects/vault-insight/locations/us-central1/operations/operation-1723637757515-61fa3b0421533-5bb6e79b-e3d38882 200
[debug] [2024-08-14T12:16:04.264Z] <<< [apiv2][body] GET https://cloudfunctions.googleapis.com/v2/projects/vault-insight/locations/us-central1/operations/operation-1723637757515-61fa3b0421533-5bb6e79b-e3d38882 {"name":"projects/vault-insight/locations/us-central1/operations/operation-1723637757515-61fa3b0421533-5bb6e79b-e3d38882","metadata":{"@type":"type.googleapis.com/google.cloud.functions.v2.OperationMetadata","createTime":"2024-08-14T12:15:58.068321910Z","target":"projects/vault-insight/locations/us-central1/functions/helloWorld","verb":"create","cancelRequested":false,"apiVersion":"v2","requestResource":{"@type":"type.googleapis.com/google.cloud.functions.v2.Function","name":"projects/vault-insight/locations/us-central1/functions/helloWorld","buildConfig":{"runtime":"nodejs18","entryPoint":"helloWorld","source":{"storageSource":{"bucket":"gcf-v2-sources-735159432377-us-central1","object":"helloWorld/function-source.zip","generation":"1723637757826282"}},"environmentVariables":{"GOOGLE_NODE_RUN_SCRIPTS":""},"serviceAccount":"projects/vault-insight/serviceAccounts/735159432377-compute@developer.gserviceaccount.com","automaticUpdatePolicy":{}},"serviceConfig":{"service":"projects/vault-insight/locations/us-central1/services/helloworld","timeoutSeconds":60,"environmentVariables":{"FIREBASE_CONFIG":"{\"projectId\":\"vault-insight\",\"storageBucket\":\"vault-insight.appspot.com\"}","GCLOUD_PROJECT":"vault-insight","EVENTARC_CLOUD_EVENT_SOURCE":"projects/vault-insight/locations/us-central1/services/helloWorld","FUNCTION_TARGET":"helloWorld","LOG_EXECUTION_ID":"true"},"ingressSettings":"ALLOW_ALL","serviceAccountEmail":"735159432377-compute@developer.gserviceaccount.com","availableMemory":"256Mi","maxInstanceRequestConcurrency":80,"availableCpu":"1"},"labels":{"deployment-tool":"cli-firebase","firebase-functions-hash":"f656b448b24e31817d7e69ec876726d47f232e00"},"environment":"GEN_2"},"stages":[{"name":"BUILD","message":"Build in progress","state":"IN_PROGRESS","resource":"projects/735159432377/locations/us-central1/builds/e021c43b-c5f4-465f-aee5-f93d77990fe2","resourceUri":"https://console.cloud.google.com/cloud-build/builds;region=us-central1/e021c43b-c5f4-465f-aee5-f93d77990fe2?project=735159432377"},{"name":"SERVICE","state":"NOT_STARTED"}],"operationType":"CREATE_FUNCTION","buildName":"projects/735159432377/locations/us-central1/builds/e021c43b-c5f4-465f-aee5-f93d77990fe2"},"done":false}
[debug] [2024-08-14T12:16:08.280Z] [create-default-us-central1-helloWorld] Retrying task index 0
[debug] [2024-08-14T12:16:08.281Z] >>> [apiv2][query] GET https://cloudfunctions.googleapis.com/v2/projects/vault-insight/locations/us-central1/operations/operation-1723637757515-61fa3b0421533-5bb6e79b-e3d38882 [none]
[debug] [2024-08-14T12:16:08.925Z] <<< [apiv2][status] GET https://cloudfunctions.googleapis.com/v2/projects/vault-insight/locations/us-central1/operations/operation-1723637757515-61fa3b0421533-5bb6e79b-e3d38882 200
[debug] [2024-08-14T12:16:08.926Z] <<< [apiv2][body] GET https://cloudfunctions.googleapis.com/v2/projects/vault-insight/locations/us-central1/operations/operation-1723637757515-61fa3b0421533-5bb6e79b-e3d38882 {"name":"projects/vault-insight/locations/us-central1/operations/operation-1723637757515-61fa3b0421533-5bb6e79b-e3d38882","metadata":{"@type":"type.googleapis.com/google.cloud.functions.v2.OperationMetadata","createTime":"2024-08-14T12:15:58.068321910Z","target":"projects/vault-insight/locations/us-central1/functions/helloWorld","verb":"create","cancelRequested":false,"apiVersion":"v2","requestResource":{"@type":"type.googleapis.com/google.cloud.functions.v2.Function","name":"projects/vault-insight/locations/us-central1/functions/helloWorld","buildConfig":{"runtime":"nodejs18","entryPoint":"helloWorld","source":{"storageSource":{"bucket":"gcf-v2-sources-735159432377-us-central1","object":"helloWorld/function-source.zip","generation":"1723637757826282"}},"environmentVariables":{"GOOGLE_NODE_RUN_SCRIPTS":""},"serviceAccount":"projects/vault-insight/serviceAccounts/735159432377-compute@developer.gserviceaccount.com","automaticUpdatePolicy":{}},"serviceConfig":{"service":"projects/vault-insight/locations/us-central1/services/helloworld","timeoutSeconds":60,"environmentVariables":{"FIREBASE_CONFIG":"{\"projectId\":\"vault-insight\",\"storageBucket\":\"vault-insight.appspot.com\"}","GCLOUD_PROJECT":"vault-insight","EVENTARC_CLOUD_EVENT_SOURCE":"projects/vault-insight/locations/us-central1/services/helloWorld","FUNCTION_TARGET":"helloWorld","LOG_EXECUTION_ID":"true"},"ingressSettings":"ALLOW_ALL","serviceAccountEmail":"735159432377-compute@developer.gserviceaccount.com","availableMemory":"256Mi","maxInstanceRequestConcurrency":80,"availableCpu":"1"},"labels":{"deployment-tool":"cli-firebase","firebase-functions-hash":"f656b448b24e31817d7e69ec876726d47f232e00"},"environment":"GEN_2"},"stages":[{"name":"BUILD","message":"Build in progress","state":"IN_PROGRESS","resource":"projects/735159432377/locations/us-central1/builds/e021c43b-c5f4-465f-aee5-f93d77990fe2","resourceUri":"https://console.cloud.google.com/cloud-build/builds;region=us-central1/e021c43b-c5f4-465f-aee5-f93d77990fe2?project=735159432377"},{"name":"SERVICE","state":"NOT_STARTED"}],"operationType":"CREATE_FUNCTION","buildName":"projects/735159432377/locations/us-central1/builds/e021c43b-c5f4-465f-aee5-f93d77990fe2"},"done":false}
[debug] [2024-08-14T12:16:16.926Z] [create-default-us-central1-helloWorld] Retrying task index 0
[debug] [2024-08-14T12:16:16.927Z] >>> [apiv2][query] GET https://cloudfunctions.googleapis.com/v2/projects/vault-insight/locations/us-central1/operations/operation-1723637757515-61fa3b0421533-5bb6e79b-e3d38882 [none]
[debug] [2024-08-14T12:16:17.636Z] <<< [apiv2][status] GET https://cloudfunctions.googleapis.com/v2/projects/vault-insight/locations/us-central1/operations/operation-1723637757515-61fa3b0421533-5bb6e79b-e3d38882 200
[debug] [2024-08-14T12:16:17.636Z] <<< [apiv2][body] GET https://cloudfunctions.googleapis.com/v2/projects/vault-insight/locations/us-central1/operations/operation-1723637757515-61fa3b0421533-5bb6e79b-e3d38882 {"name":"projects/vault-insight/locations/us-central1/operations/operation-1723637757515-61fa3b0421533-5bb6e79b-e3d38882","metadata":{"@type":"type.googleapis.com/google.cloud.functions.v2.OperationMetadata","createTime":"2024-08-14T12:15:58.068321910Z","target":"projects/vault-insight/locations/us-central1/functions/helloWorld","verb":"create","cancelRequested":false,"apiVersion":"v2","requestResource":{"@type":"type.googleapis.com/google.cloud.functions.v2.Function","name":"projects/vault-insight/locations/us-central1/functions/helloWorld","buildConfig":{"runtime":"nodejs18","entryPoint":"helloWorld","source":{"storageSource":{"bucket":"gcf-v2-sources-735159432377-us-central1","object":"helloWorld/function-source.zip","generation":"1723637757826282"}},"environmentVariables":{"GOOGLE_NODE_RUN_SCRIPTS":""},"serviceAccount":"projects/vault-insight/serviceAccounts/735159432377-compute@developer.gserviceaccount.com","automaticUpdatePolicy":{}},"serviceConfig":{"service":"projects/vault-insight/locations/us-central1/services/helloworld","timeoutSeconds":60,"environmentVariables":{"FIREBASE_CONFIG":"{\"projectId\":\"vault-insight\",\"storageBucket\":\"vault-insight.appspot.com\"}","GCLOUD_PROJECT":"vault-insight","EVENTARC_CLOUD_EVENT_SOURCE":"projects/vault-insight/locations/us-central1/services/helloWorld","FUNCTION_TARGET":"helloWorld","LOG_EXECUTION_ID":"true"},"ingressSettings":"ALLOW_ALL","serviceAccountEmail":"735159432377-compute@developer.gserviceaccount.com","availableMemory":"256Mi","maxInstanceRequestConcurrency":80,"availableCpu":"1"},"labels":{"deployment-tool":"cli-firebase","firebase-functions-hash":"f656b448b24e31817d7e69ec876726d47f232e00"},"environment":"GEN_2"},"stages":[{"name":"BUILD","message":"Build in progress","state":"IN_PROGRESS","resource":"projects/735159432377/locations/us-central1/builds/e021c43b-c5f4-465f-aee5-f93d77990fe2","resourceUri":"https://console.cloud.google.com/cloud-build/builds;region=us-central1/e021c43b-c5f4-465f-aee5-f93d77990fe2?project=735159432377"},{"name":"SERVICE","state":"NOT_STARTED"}],"operationType":"CREATE_FUNCTION","buildName":"projects/735159432377/locations/us-central1/builds/e021c43b-c5f4-465f-aee5-f93d77990fe2"},"done":false}
