[debug] [2024-08-14T13:01:23.253Z] ----------------------------------------------------------------------
[debug] [2024-08-14T13:01:23.256Z] Command:       C:\Program Files\nodejs\node.exe C:\Users\pc\AppData\Roaming\npm\node_modules\firebase-tools\lib\bin\firebase.js deploy --only functions:createPaymentIntent
[debug] [2024-08-14T13:01:23.257Z] CLI Version:   13.15.1
[debug] [2024-08-14T13:01:23.257Z] Platform:      win32
[debug] [2024-08-14T13:01:23.257Z] Node Version:  v20.10.0
[debug] [2024-08-14T13:01:23.257Z] Time:          Wed Aug 14 2024 15:01:23 GMT+0200 (heure d’été d’Europe centrale)
[debug] [2024-08-14T13:01:23.257Z] ----------------------------------------------------------------------
[debug] 
[debug] [2024-08-14T13:01:23.337Z] > command requires scopes: ["email","openid","https://www.googleapis.com/auth/cloudplatformprojects.readonly","https://www.googleapis.com/auth/firebase","https://www.googleapis.com/auth/cloud-platform"]
[debug] [2024-08-14T13:01:23.337Z] > authorizing via signed-in user (hamza.eljaouhari.1995@gmail.com)
[debug] [2024-08-14T13:01:23.337Z] [iam] checking project vault-insight for permissions ["cloudfunctions.functions.create","cloudfunctions.functions.delete","cloudfunctions.functions.get","cloudfunctions.functions.list","cloudfunctions.functions.update","cloudfunctions.operations.get","firebase.projects.get"]
[debug] [2024-08-14T13:01:23.339Z] >>> [apiv2][query] POST https://cloudresourcemanager.googleapis.com/v1/projects/vault-insight:testIamPermissions [none]
[debug] [2024-08-14T13:01:23.340Z] >>> [apiv2][(partial)header] POST https://cloudresourcemanager.googleapis.com/v1/projects/vault-insight:testIamPermissions x-goog-quota-user=projects/vault-insight
[debug] [2024-08-14T13:01:23.340Z] >>> [apiv2][body] POST https://cloudresourcemanager.googleapis.com/v1/projects/vault-insight:testIamPermissions {"permissions":["cloudfunctions.functions.create","cloudfunctions.functions.delete","cloudfunctions.functions.get","cloudfunctions.functions.list","cloudfunctions.functions.update","cloudfunctions.operations.get","firebase.projects.get"]}
[debug] [2024-08-14T13:01:23.985Z] <<< [apiv2][status] POST https://cloudresourcemanager.googleapis.com/v1/projects/vault-insight:testIamPermissions 200
[debug] [2024-08-14T13:01:23.985Z] <<< [apiv2][body] POST https://cloudresourcemanager.googleapis.com/v1/projects/vault-insight:testIamPermissions {"permissions":["cloudfunctions.functions.create","cloudfunctions.functions.delete","cloudfunctions.functions.get","cloudfunctions.functions.list","cloudfunctions.functions.update","cloudfunctions.operations.get","firebase.projects.get"]}
[debug] [2024-08-14T13:01:23.986Z] >>> [apiv2][query] POST https://iam.googleapis.com/v1/projects/vault-insight/serviceAccounts/vault-insight@appspot.gserviceaccount.com:testIamPermissions [none]
[debug] [2024-08-14T13:01:23.986Z] >>> [apiv2][body] POST https://iam.googleapis.com/v1/projects/vault-insight/serviceAccounts/vault-insight@appspot.gserviceaccount.com:testIamPermissions {"permissions":["iam.serviceAccounts.actAs"]}
[debug] [2024-08-14T13:01:24.586Z] <<< [apiv2][status] POST https://iam.googleapis.com/v1/projects/vault-insight/serviceAccounts/vault-insight@appspot.gserviceaccount.com:testIamPermissions 200
[debug] [2024-08-14T13:01:24.587Z] <<< [apiv2][body] POST https://iam.googleapis.com/v1/projects/vault-insight/serviceAccounts/vault-insight@appspot.gserviceaccount.com:testIamPermissions {"permissions":["iam.serviceAccounts.actAs"]}
[info] 
[info] === Deploying to 'vault-insight'...
[info] 
[info] i  deploying functions 
[info] Running command: npm --prefix "$RESOURCE_DIR" run lint
[info] Running command: npm --prefix "$RESOURCE_DIR" run build
[info] +  functions: Finished running predeploy script. 
[debug] [2024-08-14T13:01:40.935Z] >>> [apiv2][query] GET https://firebase.googleapis.com/v1beta1/projects/vault-insight [none]
[debug] [2024-08-14T13:01:41.140Z] <<< [apiv2][status] GET https://firebase.googleapis.com/v1beta1/projects/vault-insight 200
[debug] [2024-08-14T13:01:41.140Z] <<< [apiv2][body] GET https://firebase.googleapis.com/v1beta1/projects/vault-insight {"projectId":"vault-insight","projectNumber":"735159432377","displayName":"Vault Insight","name":"projects/vault-insight","resources":{"hostingSite":"vault-insight"},"state":"ACTIVE","etag":"1_10be0a01-852b-4bdb-affa-7061003e90bd"}
[info] i  functions: preparing codebase default for deployment 
[info] i  functions: ensuring required API cloudfunctions.googleapis.com is enabled... 
[info] i  functions: ensuring required API cloudbuild.googleapis.com is enabled... 
[info] i  artifactregistry: ensuring required API artifactregistry.googleapis.com is enabled... 
[debug] [2024-08-14T13:01:41.151Z] >>> [apiv2][query] GET https://serviceusage.googleapis.com/v1/projects/vault-insight/services/cloudfunctions.googleapis.com [none]
[debug] [2024-08-14T13:01:41.152Z] >>> [apiv2][(partial)header] GET https://serviceusage.googleapis.com/v1/projects/vault-insight/services/cloudfunctions.googleapis.com x-goog-quota-user=projects/vault-insight
[debug] [2024-08-14T13:01:41.156Z] >>> [apiv2][query] GET https://serviceusage.googleapis.com/v1/projects/vault-insight/services/runtimeconfig.googleapis.com [none]
[debug] [2024-08-14T13:01:41.156Z] >>> [apiv2][(partial)header] GET https://serviceusage.googleapis.com/v1/projects/vault-insight/services/runtimeconfig.googleapis.com x-goog-quota-user=projects/vault-insight
[debug] [2024-08-14T13:01:41.160Z] >>> [apiv2][query] GET https://serviceusage.googleapis.com/v1/projects/vault-insight/services/cloudbuild.googleapis.com [none]
[debug] [2024-08-14T13:01:41.160Z] >>> [apiv2][(partial)header] GET https://serviceusage.googleapis.com/v1/projects/vault-insight/services/cloudbuild.googleapis.com x-goog-quota-user=projects/vault-insight
[debug] [2024-08-14T13:01:41.165Z] >>> [apiv2][query] GET https://serviceusage.googleapis.com/v1/projects/vault-insight/services/artifactregistry.googleapis.com [none]
[debug] [2024-08-14T13:01:41.165Z] >>> [apiv2][(partial)header] GET https://serviceusage.googleapis.com/v1/projects/vault-insight/services/artifactregistry.googleapis.com x-goog-quota-user=projects/vault-insight
[debug] [2024-08-14T13:01:41.487Z] <<< [apiv2][status] GET https://serviceusage.googleapis.com/v1/projects/vault-insight/services/runtimeconfig.googleapis.com 200
[debug] [2024-08-14T13:01:41.488Z] <<< [apiv2][body] GET https://serviceusage.googleapis.com/v1/projects/vault-insight/services/runtimeconfig.googleapis.com [omitted]
[debug] [2024-08-14T13:01:41.546Z] <<< [apiv2][status] GET https://serviceusage.googleapis.com/v1/projects/vault-insight/services/cloudbuild.googleapis.com 200
[debug] [2024-08-14T13:01:41.547Z] <<< [apiv2][body] GET https://serviceusage.googleapis.com/v1/projects/vault-insight/services/cloudbuild.googleapis.com [omitted]
[info] +  functions: required API cloudbuild.googleapis.com is enabled 
[debug] [2024-08-14T13:01:41.916Z] <<< [apiv2][status] GET https://serviceusage.googleapis.com/v1/projects/vault-insight/services/cloudfunctions.googleapis.com 200
[debug] [2024-08-14T13:01:41.916Z] <<< [apiv2][body] GET https://serviceusage.googleapis.com/v1/projects/vault-insight/services/cloudfunctions.googleapis.com [omitted]
[info] +  functions: required API cloudfunctions.googleapis.com is enabled 
[debug] [2024-08-14T13:01:41.968Z] <<< [apiv2][status] GET https://serviceusage.googleapis.com/v1/projects/vault-insight/services/artifactregistry.googleapis.com 200
[debug] [2024-08-14T13:01:41.968Z] <<< [apiv2][body] GET https://serviceusage.googleapis.com/v1/projects/vault-insight/services/artifactregistry.googleapis.com [omitted]
[info] +  artifactregistry: required API artifactregistry.googleapis.com is enabled 
[debug] [2024-08-14T13:01:41.971Z] >>> [apiv2][query] GET https://firebase.googleapis.com/v1beta1/projects/vault-insight/adminSdkConfig [none]
[debug] [2024-08-14T13:01:42.145Z] <<< [apiv2][status] GET https://firebase.googleapis.com/v1beta1/projects/vault-insight/adminSdkConfig 200
[debug] [2024-08-14T13:01:42.145Z] <<< [apiv2][body] GET https://firebase.googleapis.com/v1beta1/projects/vault-insight/adminSdkConfig {"projectId":"vault-insight","storageBucket":"vault-insight.appspot.com"}
[debug] [2024-08-14T13:01:42.145Z] >>> [apiv2][query] GET https://runtimeconfig.googleapis.com/v1beta1/projects/vault-insight/configs [none]
[debug] [2024-08-14T13:01:42.319Z] <<< [apiv2][status] GET https://runtimeconfig.googleapis.com/v1beta1/projects/vault-insight/configs 200
[debug] [2024-08-14T13:01:42.319Z] <<< [apiv2][body] GET https://runtimeconfig.googleapis.com/v1beta1/projects/vault-insight/configs {"configs":[{"name":"projects/vault-insight/configs/stripe"}]}
[debug] [2024-08-14T13:01:42.320Z] >>> [apiv2][query] GET https://runtimeconfig.googleapis.com/v1beta1/projects/vault-insight/configs/stripe/variables [none]
[debug] [2024-08-14T13:01:42.456Z] <<< [apiv2][status] GET https://runtimeconfig.googleapis.com/v1beta1/projects/vault-insight/configs/stripe/variables 200
[debug] [2024-08-14T13:01:42.456Z] <<< [apiv2][body] GET https://runtimeconfig.googleapis.com/v1beta1/projects/vault-insight/configs/stripe/variables {"variables":[{"name":"projects/vault-insight/configs/stripe/variables/secret_key","updateTime":"2024-08-14T13:01:13.828661173Z"}]}
[debug] [2024-08-14T13:01:42.457Z] >>> [apiv2][query] GET https://runtimeconfig.googleapis.com/v1beta1/projects/vault-insight/configs/stripe/variables/secret_key [none]
[debug] [2024-08-14T13:01:42.592Z] <<< [apiv2][status] GET https://runtimeconfig.googleapis.com/v1beta1/projects/vault-insight/configs/stripe/variables/secret_key 200
[debug] [2024-08-14T13:01:42.592Z] <<< [apiv2][body] GET https://runtimeconfig.googleapis.com/v1beta1/projects/vault-insight/configs/stripe/variables/secret_key {"name":"projects/vault-insight/configs/stripe/variables/secret_key","updateTime":"2024-08-14T13:01:13.828661173Z","text":"sk_test_51PnVGfP9kuBAMTK7DERgNBnTRDEnhTG9HB7PeiPVspuGq9ost4uxQ3x8dbuSb0Rj17AU1QGcT73uxSra9ihr7oZe002ljcuPhR"}
[debug] [2024-08-14T13:01:42.596Z] Validating nodejs source
[debug] [2024-08-14T13:01:43.819Z] > [functions] package.json contents: {
  "name": "functions",
  "scripts": {
    "lint": "eslint --ext .js,.ts .",
    "build": "tsc",
    "build:watch": "tsc --watch",
    "serve": "npm run build && firebase emulators:start --only functions",
    "shell": "npm run build && firebase functions:shell",
    "start": "npm run shell",
    "deploy": "firebase deploy --only functions",
    "logs": "firebase functions:log"
  },
  "engines": {
    "node": "18"
  },
  "main": "lib/index.js",
  "dependencies": {
    "firebase-admin": "^12.1.0",
    "firebase-functions": "^5.0.0",
    "stripe": "^16.7.0"
  },
  "devDependencies": {
    "@typescript-eslint/eslint-plugin": "^5.12.0",
    "@typescript-eslint/parser": "^5.12.0",
    "eslint": "^8.9.0",
    "eslint-config-google": "^0.14.0",
    "eslint-plugin-import": "^2.25.4",
    "firebase-functions-test": "^3.1.0",
    "typescript": "^4.9.0"
  },
  "private": true
}
[debug] [2024-08-14T13:01:43.819Z] Building nodejs source
[info] i  functions: Loading and analyzing source code for codebase default to determine what to deploy 
[debug] [2024-08-14T13:01:43.821Z] Could not find functions.yaml. Must use http discovery
[debug] [2024-08-14T13:01:43.829Z] Found firebase-functions binary at 'C:\Users\pc\Documents\tresorerie-management\functions\node_modules\.bin\firebase-functions'
[info] Serving at port 8473

[debug] [2024-08-14T13:01:44.428Z] Got response from /__/functions.yaml {"endpoints":{"createPaymentIntent":{"availableMemoryMb":null,"timeoutSeconds":null,"minInstances":null,"maxInstances":null,"ingressSettings":null,"concurrency":null,"serviceAccountEmail":null,"vpc":null,"platform":"gcfv2","labels":{},"httpsTrigger":{},"entryPoint":"createPaymentIntent"}},"specVersion":"v1alpha1","requiredAPIs":[]}
[info] i  functions: preparing functions directory for uploading... 
[info] i  functions: packaged C:\Users\pc\Documents\tresorerie-management\functions (84.57 KB) for uploading 
[debug] [2024-08-14T13:01:49.565Z] >>> [apiv2][query] GET https://cloudfunctions.googleapis.com/v1/projects/vault-insight/locations/-/functions [none]
[debug] [2024-08-14T13:01:50.115Z] <<< [apiv2][status] GET https://cloudfunctions.googleapis.com/v1/projects/vault-insight/locations/-/functions 200
[debug] [2024-08-14T13:01:50.116Z] <<< [apiv2][body] GET https://cloudfunctions.googleapis.com/v1/projects/vault-insight/locations/-/functions {}
[debug] [2024-08-14T13:01:50.120Z] >>> [apiv2][query] GET https://cloudfunctions.googleapis.com/v2/projects/vault-insight/locations/-/functions filter=environment%3D%22GEN_2%22
[debug] [2024-08-14T13:01:51.061Z] <<< [apiv2][status] GET https://cloudfunctions.googleapis.com/v2/projects/vault-insight/locations/-/functions 200
[debug] [2024-08-14T13:01:51.062Z] <<< [apiv2][body] GET https://cloudfunctions.googleapis.com/v2/projects/vault-insight/locations/-/functions {"functions":[{"name":"projects/vault-insight/locations/us-central1/functions/createPaymentIntent","buildConfig":{"build":"projects/735159432377/locations/us-central1/builds/12a26900-8bd4-468a-a78f-3a1abe99d9b8","runtime":"nodejs18","entryPoint":"createPaymentIntent","source":{"storageSource":{"bucket":"gcf-v2-sources-735159432377-us-central1","object":"createPaymentIntent/function-source.zip","generation":"1723637324005120"}},"environmentVariables":{"GOOGLE_NODE_RUN_SCRIPTS":""},"dockerRepository":"projects/vault-insight/locations/us-central1/repositories/gcf-artifacts","sourceProvenance":{"resolvedStorageSource":{"bucket":"gcf-v2-sources-735159432377-us-central1","object":"createPaymentIntent/function-source.zip","generation":"1723637324005120"}},"dockerRegistry":"ARTIFACT_REGISTRY","serviceAccount":"projects/vault-insight/serviceAccounts/735159432377-compute@developer.gserviceaccount.com","automaticUpdatePolicy":{}},"serviceConfig":{"service":"projects/vault-insight/locations/us-central1/services/createpaymentintent","timeoutSeconds":60,"environmentVariables":{"FIREBASE_CONFIG":"{\"projectId\":\"vault-insight\",\"storageBucket\":\"vault-insight.appspot.com\"}","GCLOUD_PROJECT":"vault-insight","EVENTARC_CLOUD_EVENT_SOURCE":"projects/vault-insight/locations/us-central1/services/createPaymentIntent","FUNCTION_TARGET":"createPaymentIntent","LOG_EXECUTION_ID":"true"},"maxInstanceCount":100,"ingressSettings":"ALLOW_ALL","serviceAccountEmail":"735159432377-compute@developer.gserviceaccount.com","availableMemory":"256Mi","allTrafficOnLatestRevision":true,"revision":"createpaymentintent-00001-bav","maxInstanceRequestConcurrency":80,"availableCpu":"1"},"state":"ACTIVE","updateTime":"2024-08-14T13:00:37.063684430Z","labels":{"deployment-tool":"cli-firebase","firebase-functions-hash":"d772b0406b5470b68aa8c052187095fad979a84d"},"environment":"GEN_2","url":"https://us-central1-vault-insight.cloudfunctions.net/createPaymentIntent","createTime":"2024-08-14T12:08:44.282479834Z"}]}
[info] i  functions: ensuring required API run.googleapis.com is enabled... 
[info] i  functions: ensuring required API eventarc.googleapis.com is enabled... 
[info] i  functions: ensuring required API pubsub.googleapis.com is enabled... 
[info] i  functions: ensuring required API storage.googleapis.com is enabled... 
[debug] [2024-08-14T13:01:51.079Z] >>> [apiv2][query] GET https://serviceusage.googleapis.com/v1/projects/vault-insight/services/run.googleapis.com [none]
[debug] [2024-08-14T13:01:51.080Z] >>> [apiv2][(partial)header] GET https://serviceusage.googleapis.com/v1/projects/vault-insight/services/run.googleapis.com x-goog-quota-user=projects/vault-insight
[debug] [2024-08-14T13:01:51.087Z] >>> [apiv2][query] GET https://serviceusage.googleapis.com/v1/projects/vault-insight/services/eventarc.googleapis.com [none]
[debug] [2024-08-14T13:01:51.088Z] >>> [apiv2][(partial)header] GET https://serviceusage.googleapis.com/v1/projects/vault-insight/services/eventarc.googleapis.com x-goog-quota-user=projects/vault-insight
[debug] [2024-08-14T13:01:51.092Z] >>> [apiv2][query] GET https://serviceusage.googleapis.com/v1/projects/vault-insight/services/pubsub.googleapis.com [none]
[debug] [2024-08-14T13:01:51.092Z] >>> [apiv2][(partial)header] GET https://serviceusage.googleapis.com/v1/projects/vault-insight/services/pubsub.googleapis.com x-goog-quota-user=projects/vault-insight
[debug] [2024-08-14T13:01:51.096Z] >>> [apiv2][query] GET https://serviceusage.googleapis.com/v1/projects/vault-insight/services/storage.googleapis.com [none]
[debug] [2024-08-14T13:01:51.096Z] >>> [apiv2][(partial)header] GET https://serviceusage.googleapis.com/v1/projects/vault-insight/services/storage.googleapis.com x-goog-quota-user=projects/vault-insight
[debug] [2024-08-14T13:01:51.445Z] <<< [apiv2][status] GET https://serviceusage.googleapis.com/v1/projects/vault-insight/services/pubsub.googleapis.com 200
[debug] [2024-08-14T13:01:51.446Z] <<< [apiv2][body] GET https://serviceusage.googleapis.com/v1/projects/vault-insight/services/pubsub.googleapis.com [omitted]
[info] +  functions: required API pubsub.googleapis.com is enabled 
[debug] [2024-08-14T13:01:51.881Z] <<< [apiv2][status] GET https://serviceusage.googleapis.com/v1/projects/vault-insight/services/storage.googleapis.com 200
[debug] [2024-08-14T13:01:51.881Z] <<< [apiv2][body] GET https://serviceusage.googleapis.com/v1/projects/vault-insight/services/storage.googleapis.com [omitted]
[info] +  functions: required API storage.googleapis.com is enabled 
[debug] [2024-08-14T13:01:51.886Z] <<< [apiv2][status] GET https://serviceusage.googleapis.com/v1/projects/vault-insight/services/run.googleapis.com 200
[debug] [2024-08-14T13:01:51.887Z] <<< [apiv2][body] GET https://serviceusage.googleapis.com/v1/projects/vault-insight/services/run.googleapis.com [omitted]
[info] +  functions: required API run.googleapis.com is enabled 
[debug] [2024-08-14T13:01:51.890Z] <<< [apiv2][status] GET https://serviceusage.googleapis.com/v1/projects/vault-insight/services/eventarc.googleapis.com 200
[debug] [2024-08-14T13:01:51.891Z] <<< [apiv2][body] GET https://serviceusage.googleapis.com/v1/projects/vault-insight/services/eventarc.googleapis.com [omitted]
[info] +  functions: required API eventarc.googleapis.com is enabled 
[info] i  functions: generating the service identity for pubsub.googleapis.com... 
[info] i  functions: generating the service identity for eventarc.googleapis.com... 
[debug] [2024-08-14T13:01:51.898Z] >>> [apiv2][query] POST https://serviceusage.googleapis.com/v1beta1/projects/735159432377/services/pubsub.googleapis.com:generateServiceIdentity [none]
[debug] [2024-08-14T13:01:51.899Z] >>> [apiv2][query] POST https://serviceusage.googleapis.com/v1beta1/projects/735159432377/services/eventarc.googleapis.com:generateServiceIdentity [none]
[debug] [2024-08-14T13:01:52.801Z] <<< [apiv2][status] POST https://serviceusage.googleapis.com/v1beta1/projects/735159432377/services/eventarc.googleapis.com:generateServiceIdentity 200
[debug] [2024-08-14T13:01:52.802Z] <<< [apiv2][body] POST https://serviceusage.googleapis.com/v1beta1/projects/735159432377/services/eventarc.googleapis.com:generateServiceIdentity {"name":"operations/finished.DONE_OPERATION","done":true,"response":{"@type":"type.googleapis.com/google.api.serviceusage.v1beta1.ServiceIdentity","email":"service-735159432377@gcp-sa-eventarc.iam.gserviceaccount.com","uniqueId":"113576179741343637051"}}
[debug] [2024-08-14T13:01:52.803Z] <<< [apiv2][status] POST https://serviceusage.googleapis.com/v1beta1/projects/735159432377/services/pubsub.googleapis.com:generateServiceIdentity 200
[debug] [2024-08-14T13:01:52.803Z] <<< [apiv2][body] POST https://serviceusage.googleapis.com/v1beta1/projects/735159432377/services/pubsub.googleapis.com:generateServiceIdentity {"name":"operations/finished.DONE_OPERATION","done":true,"response":{"@type":"type.googleapis.com/google.api.serviceusage.v1beta1.ServiceIdentity","email":"service-735159432377@gcp-sa-pubsub.iam.gserviceaccount.com","uniqueId":"112608026719153445071"}}
[debug] [2024-08-14T13:01:52.812Z] >>> [apiv2][query] GET https://firebase.googleapis.com/v1beta1/projects/vault-insight [none]
[debug] [2024-08-14T13:01:53.017Z] <<< [apiv2][status] GET https://firebase.googleapis.com/v1beta1/projects/vault-insight 200
[debug] [2024-08-14T13:01:53.018Z] <<< [apiv2][body] GET https://firebase.googleapis.com/v1beta1/projects/vault-insight {"projectId":"vault-insight","projectNumber":"735159432377","displayName":"Vault Insight","name":"projects/vault-insight","resources":{"hostingSite":"vault-insight"},"state":"ACTIVE","etag":"1_10be0a01-852b-4bdb-affa-7061003e90bd"}
[debug] [2024-08-14T13:01:53.024Z] >>> [apiv2][query] POST https://cloudfunctions.googleapis.com/v2/projects/vault-insight/locations/us-central1/functions:generateUploadUrl [none]
[debug] [2024-08-14T13:01:53.775Z] <<< [apiv2][status] POST https://cloudfunctions.googleapis.com/v2/projects/vault-insight/locations/us-central1/functions:generateUploadUrl 200
[debug] [2024-08-14T13:01:53.775Z] <<< [apiv2][body] POST https://cloudfunctions.googleapis.com/v2/projects/vault-insight/locations/us-central1/functions:generateUploadUrl {"uploadUrl":"https://storage.googleapis.com/gcf-v2-uploads-735159432377-us-central1/4656c05a-2326-4338-9b49-7da6eed5fad1.zip?GoogleAccessId=service-735159432377@gcf-admin-robot.iam.gserviceaccount.com&Expires=1723642313&Signature=LWH9Tce9b1Q2%2Fr27K%2FiiNVf0NVsYv2ui6QHSKxrcMAn9ilsQ%2BybKZNMhzcScfadHUtLMfO%2Bn43pxvI60S1ppPZBm%2BuCzQoO0DR8MvRhrYwv5ic3C5dXoaVLlQYbBXhrvLfxZEIt8cfvoOch3y4hSjhlzh9AfkjGp5M2v8Eyc9c6e4K0ZCc%2BAEi9uCkExKdgWf8x85Qi4TEFo0p%2BzUacZAtvAUKmNnuJXEDNK9tkLhDkJtprfIazOOHPyEkpoXewNE1icHVq7vClGZttbIDj20x0tRtiK%2B%2Bc%2BRpVnTVMxj08gYzoVa5qdCKp2QWvrN5gnIe9dS49CkJD3DNeKY0ZJrQ%3D%3D","storageSource":{"bucket":"gcf-v2-uploads-735159432377-us-central1","object":"4656c05a-2326-4338-9b49-7da6eed5fad1.zip"}}
[debug] [2024-08-14T13:01:53.777Z] >>> [apiv2][query] PUT https://storage.googleapis.com/gcf-v2-uploads-735159432377-us-central1/4656c05a-2326-4338-9b49-7da6eed5fad1.zip GoogleAccessId=service-735159432377%40gcf-admin-robot.iam.gserviceaccount.com&Expires=1723642313&Signature=LWH9Tce9b1Q2%2Fr27K%2FiiNVf0NVsYv2ui6QHSKxrcMAn9ilsQ%2BybKZNMhzcScfadHUtLMfO%2Bn43pxvI60S1ppPZBm%2BuCzQoO0DR8MvRhrYwv5ic3C5dXoaVLlQYbBXhrvLfxZEIt8cfvoOch3y4hSjhlzh9AfkjGp5M2v8Eyc9c6e4K0ZCc%2BAEi9uCkExKdgWf8x85Qi4TEFo0p%2BzUacZAtvAUKmNnuJXEDNK9tkLhDkJtprfIazOOHPyEkpoXewNE1icHVq7vClGZttbIDj20x0tRtiK%2B%2Bc%2BRpVnTVMxj08gYzoVa5qdCKp2QWvrN5gnIe9dS49CkJD3DNeKY0ZJrQ%3D%3D
[debug] [2024-08-14T13:01:53.777Z] >>> [apiv2][body] PUT https://storage.googleapis.com/gcf-v2-uploads-735159432377-us-central1/4656c05a-2326-4338-9b49-7da6eed5fad1.zip [stream]
[debug] [2024-08-14T13:01:54.818Z] <<< [apiv2][status] PUT https://storage.googleapis.com/gcf-v2-uploads-735159432377-us-central1/4656c05a-2326-4338-9b49-7da6eed5fad1.zip 200
[debug] [2024-08-14T13:01:54.819Z] <<< [apiv2][body] PUT https://storage.googleapis.com/gcf-v2-uploads-735159432377-us-central1/4656c05a-2326-4338-9b49-7da6eed5fad1.zip [omitted]
[info] +  functions: functions folder uploaded successfully 
[info] i  functions: updating Node.js 18 (2nd Gen) function createPaymentIntent(us-central1)... 
[debug] [2024-08-14T13:01:54.841Z] >>> [apiv2][query] PATCH https://cloudfunctions.googleapis.com/v2/projects/vault-insight/locations/us-central1/functions/createPaymentIntent updateMask=name%2CbuildConfig.runtime%2CbuildConfig.entryPoint%2CbuildConfig.source.storageSource.bucket%2CbuildConfig.source.storageSource.object%2CbuildConfig.environmentVariables%2CbuildConfig.sourceToken%2CserviceConfig.environmentVariables%2CserviceConfig.ingressSettings%2CserviceConfig.timeoutSeconds%2CserviceConfig.serviceAccountEmail%2CserviceConfig.availableMemory%2CserviceConfig.minInstanceCount%2CserviceConfig.maxInstanceCount%2CserviceConfig.maxInstanceRequestConcurrency%2CserviceConfig.availableCpu%2CserviceConfig.vpcConnector%2CserviceConfig.vpcConnectorEgressSettings%2Clabels%2CbuildConfig.buildEnvironmentVariables
[debug] [2024-08-14T13:01:54.842Z] >>> [apiv2][body] PATCH https://cloudfunctions.googleapis.com/v2/projects/vault-insight/locations/us-central1/functions/createPaymentIntent {"name":"projects/vault-insight/locations/us-central1/functions/createPaymentIntent","buildConfig":{"runtime":"nodejs18","entryPoint":"createPaymentIntent","source":{"storageSource":{"bucket":"gcf-v2-uploads-735159432377-us-central1","object":"4656c05a-2326-4338-9b49-7da6eed5fad1.zip"}},"environmentVariables":{"GOOGLE_NODE_RUN_SCRIPTS":""}},"serviceConfig":{"environmentVariables":{"FIREBASE_CONFIG":"{\"projectId\":\"vault-insight\",\"storageBucket\":\"vault-insight.appspot.com\"}","GCLOUD_PROJECT":"vault-insight","EVENTARC_CLOUD_EVENT_SOURCE":"projects/vault-insight/locations/us-central1/services/createPaymentIntent","FUNCTION_TARGET":"createPaymentIntent","LOG_EXECUTION_ID":"true"},"ingressSettings":null,"timeoutSeconds":null,"serviceAccountEmail":null,"availableMemory":"256Mi","minInstanceCount":null,"maxInstanceCount":null,"maxInstanceRequestConcurrency":80,"availableCpu":"1","vpcConnector":null,"vpcConnectorEgressSettings":null},"labels":{"deployment-tool":"cli-firebase","firebase-functions-hash":"d772b0406b5470b68aa8c052187095fad979a84d"}}
[debug] [2024-08-14T13:01:55.633Z] <<< [apiv2][status] PATCH https://cloudfunctions.googleapis.com/v2/projects/vault-insight/locations/us-central1/functions/createPaymentIntent 200
[debug] [2024-08-14T13:01:55.633Z] <<< [apiv2][body] PATCH https://cloudfunctions.googleapis.com/v2/projects/vault-insight/locations/us-central1/functions/createPaymentIntent {"name":"projects/vault-insight/locations/us-central1/operations/operation-1723640515036-61fa4549e8620-71a887c2-ed673435","metadata":{"@type":"type.googleapis.com/google.cloud.functions.v2.OperationMetadata","createTime":"2024-08-14T13:01:55.634138913Z","target":"projects/vault-insight/locations/us-central1/functions/createPaymentIntent","verb":"update","cancelRequested":false,"apiVersion":"v2"},"done":false}
[debug] [2024-08-14T13:01:55.636Z] >>> [apiv2][query] GET https://cloudfunctions.googleapis.com/v2/projects/vault-insight/locations/us-central1/operations/operation-1723640515036-61fa4549e8620-71a887c2-ed673435 [none]
[debug] [2024-08-14T13:01:56.303Z] <<< [apiv2][status] GET https://cloudfunctions.googleapis.com/v2/projects/vault-insight/locations/us-central1/operations/operation-1723640515036-61fa4549e8620-71a887c2-ed673435 200
[debug] [2024-08-14T13:01:56.303Z] <<< [apiv2][body] GET https://cloudfunctions.googleapis.com/v2/projects/vault-insight/locations/us-central1/operations/operation-1723640515036-61fa4549e8620-71a887c2-ed673435 {"name":"projects/vault-insight/locations/us-central1/operations/operation-1723640515036-61fa4549e8620-71a887c2-ed673435","metadata":{"@type":"type.googleapis.com/google.cloud.functions.v2.OperationMetadata","createTime":"2024-08-14T13:01:55.634138913Z","target":"projects/vault-insight/locations/us-central1/functions/createPaymentIntent","verb":"update","cancelRequested":false,"apiVersion":"v2","requestResource":{"@type":"type.googleapis.com/google.cloud.functions.v2.Function","name":"projects/vault-insight/locations/us-central1/functions/createPaymentIntent","buildConfig":{"runtime":"nodejs18","entryPoint":"createPaymentIntent","source":{"storageSource":{"bucket":"gcf-v2-sources-735159432377-us-central1","object":"createPaymentIntent/function-source.zip","generation":"1723640515592441"}},"environmentVariables":{"GOOGLE_NODE_RUN_SCRIPTS":""},"dockerRepository":"projects/vault-insight/locations/us-central1/repositories/gcf-artifacts","sourceProvenance":{"resolvedStorageSource":{"bucket":"gcf-v2-sources-735159432377-us-central1","object":"createPaymentIntent/function-source.zip","generation":"1723637324005120"}},"dockerRegistry":"ARTIFACT_REGISTRY","serviceAccount":"projects/vault-insight/serviceAccounts/735159432377-compute@developer.gserviceaccount.com","automaticUpdatePolicy":{}},"serviceConfig":{"service":"projects/vault-insight/locations/us-central1/services/createpaymentintent","timeoutSeconds":60,"environmentVariables":{"FIREBASE_CONFIG":"{\"projectId\":\"vault-insight\",\"storageBucket\":\"vault-insight.appspot.com\"}","GCLOUD_PROJECT":"vault-insight","EVENTARC_CLOUD_EVENT_SOURCE":"projects/vault-insight/locations/us-central1/services/createPaymentIntent","FUNCTION_TARGET":"createPaymentIntent","LOG_EXECUTION_ID":"true"},"ingressSettings":"ALLOW_ALL","serviceAccountEmail":"735159432377-compute@developer.gserviceaccount.com","availableMemory":"256Mi","allTrafficOnLatestRevision":true,"revision":"createpaymentintent-00001-bav","maxInstanceRequestConcurrency":80,"availableCpu":"1"},"state":"ACTIVE","labels":{"deployment-tool":"cloudfunctions","firebase-functions-hash":"d772b0406b5470b68aa8c052187095fad979a84d"},"environment":"GEN_2","url":"https://us-central1-vault-insight.cloudfunctions.net/createPaymentIntent"},"stages":[{"name":"BUILD","state":"NOT_STARTED"},{"name":"SERVICE","state":"NOT_STARTED"}],"operationType":"UPDATE_FUNCTION"},"done":false}
[debug] [2024-08-14T13:01:56.816Z] [update-default-us-central1-createPaymentIntent] Retrying task index 0
[debug] [2024-08-14T13:01:56.817Z] >>> [apiv2][query] GET https://cloudfunctions.googleapis.com/v2/projects/vault-insight/locations/us-central1/operations/operation-1723640515036-61fa4549e8620-71a887c2-ed673435 [none]
[debug] [2024-08-14T13:01:57.478Z] <<< [apiv2][status] GET https://cloudfunctions.googleapis.com/v2/projects/vault-insight/locations/us-central1/operations/operation-1723640515036-61fa4549e8620-71a887c2-ed673435 200
[debug] [2024-08-14T13:01:57.479Z] <<< [apiv2][body] GET https://cloudfunctions.googleapis.com/v2/projects/vault-insight/locations/us-central1/operations/operation-1723640515036-61fa4549e8620-71a887c2-ed673435 {"name":"projects/vault-insight/locations/us-central1/operations/operation-1723640515036-61fa4549e8620-71a887c2-ed673435","metadata":{"@type":"type.googleapis.com/google.cloud.functions.v2.OperationMetadata","createTime":"2024-08-14T13:01:55.634138913Z","target":"projects/vault-insight/locations/us-central1/functions/createPaymentIntent","verb":"update","cancelRequested":false,"apiVersion":"v2","requestResource":{"@type":"type.googleapis.com/google.cloud.functions.v2.Function","name":"projects/vault-insight/locations/us-central1/functions/createPaymentIntent","buildConfig":{"runtime":"nodejs18","entryPoint":"createPaymentIntent","source":{"storageSource":{"bucket":"gcf-v2-sources-735159432377-us-central1","object":"createPaymentIntent/function-source.zip","generation":"1723640515592441"}},"environmentVariables":{"GOOGLE_NODE_RUN_SCRIPTS":""},"dockerRepository":"projects/vault-insight/locations/us-central1/repositories/gcf-artifacts","sourceProvenance":{"resolvedStorageSource":{"bucket":"gcf-v2-sources-735159432377-us-central1","object":"createPaymentIntent/function-source.zip","generation":"1723637324005120"}},"dockerRegistry":"ARTIFACT_REGISTRY","serviceAccount":"projects/vault-insight/serviceAccounts/735159432377-compute@developer.gserviceaccount.com","automaticUpdatePolicy":{}},"serviceConfig":{"service":"projects/vault-insight/locations/us-central1/services/createpaymentintent","timeoutSeconds":60,"environmentVariables":{"FIREBASE_CONFIG":"{\"projectId\":\"vault-insight\",\"storageBucket\":\"vault-insight.appspot.com\"}","GCLOUD_PROJECT":"vault-insight","EVENTARC_CLOUD_EVENT_SOURCE":"projects/vault-insight/locations/us-central1/services/createPaymentIntent","FUNCTION_TARGET":"createPaymentIntent","LOG_EXECUTION_ID":"true"},"ingressSettings":"ALLOW_ALL","serviceAccountEmail":"735159432377-compute@developer.gserviceaccount.com","availableMemory":"256Mi","allTrafficOnLatestRevision":true,"revision":"createpaymentintent-00001-bav","maxInstanceRequestConcurrency":80,"availableCpu":"1"},"state":"ACTIVE","labels":{"deployment-tool":"cloudfunctions","firebase-functions-hash":"d772b0406b5470b68aa8c052187095fad979a84d"},"environment":"GEN_2","url":"https://us-central1-vault-insight.cloudfunctions.net/createPaymentIntent"},"stages":[{"name":"BUILD","message":"Build in progress","state":"IN_PROGRESS","resource":"projects/735159432377/locations/us-central1/builds/3ff2b09d-7f04-42c4-9953-c39da01bc6c0","resourceUri":"https://console.cloud.google.com/cloud-build/builds;region=us-central1/3ff2b09d-7f04-42c4-9953-c39da01bc6c0?project=735159432377"},{"name":"SERVICE","state":"NOT_STARTED"}],"operationType":"UPDATE_FUNCTION","buildName":"projects/735159432377/locations/us-central1/builds/3ff2b09d-7f04-42c4-9953-c39da01bc6c0"},"done":false}
[debug] [2024-08-14T13:01:58.485Z] [update-default-us-central1-createPaymentIntent] Retrying task index 0
[debug] [2024-08-14T13:01:58.485Z] >>> [apiv2][query] GET https://cloudfunctions.googleapis.com/v2/projects/vault-insight/locations/us-central1/operations/operation-1723640515036-61fa4549e8620-71a887c2-ed673435 [none]
[debug] [2024-08-14T13:01:58.664Z] <<< [apiv2][status] GET https://cloudfunctions.googleapis.com/v2/projects/vault-insight/locations/us-central1/operations/operation-1723640515036-61fa4549e8620-71a887c2-ed673435 200
[debug] [2024-08-14T13:01:58.664Z] <<< [apiv2][body] GET https://cloudfunctions.googleapis.com/v2/projects/vault-insight/locations/us-central1/operations/operation-1723640515036-61fa4549e8620-71a887c2-ed673435 {"name":"projects/vault-insight/locations/us-central1/operations/operation-1723640515036-61fa4549e8620-71a887c2-ed673435","metadata":{"@type":"type.googleapis.com/google.cloud.functions.v2.OperationMetadata","createTime":"2024-08-14T13:01:55.634138913Z","target":"projects/vault-insight/locations/us-central1/functions/createPaymentIntent","verb":"update","cancelRequested":false,"apiVersion":"v2","requestResource":{"@type":"type.googleapis.com/google.cloud.functions.v2.Function","name":"projects/vault-insight/locations/us-central1/functions/createPaymentIntent","buildConfig":{"runtime":"nodejs18","entryPoint":"createPaymentIntent","source":{"storageSource":{"bucket":"gcf-v2-sources-735159432377-us-central1","object":"createPaymentIntent/function-source.zip","generation":"1723640515592441"}},"environmentVariables":{"GOOGLE_NODE_RUN_SCRIPTS":""},"dockerRepository":"projects/vault-insight/locations/us-central1/repositories/gcf-artifacts","sourceProvenance":{"resolvedStorageSource":{"bucket":"gcf-v2-sources-735159432377-us-central1","object":"createPaymentIntent/function-source.zip","generation":"1723637324005120"}},"dockerRegistry":"ARTIFACT_REGISTRY","serviceAccount":"projects/vault-insight/serviceAccounts/735159432377-compute@developer.gserviceaccount.com","automaticUpdatePolicy":{}},"serviceConfig":{"service":"projects/vault-insight/locations/us-central1/services/createpaymentintent","timeoutSeconds":60,"environmentVariables":{"FIREBASE_CONFIG":"{\"projectId\":\"vault-insight\",\"storageBucket\":\"vault-insight.appspot.com\"}","GCLOUD_PROJECT":"vault-insight","EVENTARC_CLOUD_EVENT_SOURCE":"projects/vault-insight/locations/us-central1/services/createPaymentIntent","FUNCTION_TARGET":"createPaymentIntent","LOG_EXECUTION_ID":"true"},"ingressSettings":"ALLOW_ALL","serviceAccountEmail":"735159432377-compute@developer.gserviceaccount.com","availableMemory":"256Mi","allTrafficOnLatestRevision":true,"revision":"createpaymentintent-00001-bav","maxInstanceRequestConcurrency":80,"availableCpu":"1"},"state":"ACTIVE","labels":{"deployment-tool":"cloudfunctions","firebase-functions-hash":"d772b0406b5470b68aa8c052187095fad979a84d"},"environment":"GEN_2","url":"https://us-central1-vault-insight.cloudfunctions.net/createPaymentIntent"},"stages":[{"name":"BUILD","message":"Build in progress","state":"IN_PROGRESS","resource":"projects/735159432377/locations/us-central1/builds/3ff2b09d-7f04-42c4-9953-c39da01bc6c0","resourceUri":"https://console.cloud.google.com/cloud-build/builds;region=us-central1/3ff2b09d-7f04-42c4-9953-c39da01bc6c0?project=735159432377"},{"name":"SERVICE","state":"NOT_STARTED"}],"operationType":"UPDATE_FUNCTION","buildName":"projects/735159432377/locations/us-central1/builds/3ff2b09d-7f04-42c4-9953-c39da01bc6c0"},"done":false}
[debug] [2024-08-14T13:02:00.672Z] [update-default-us-central1-createPaymentIntent] Retrying task index 0
[debug] [2024-08-14T13:02:00.673Z] >>> [apiv2][query] GET https://cloudfunctions.googleapis.com/v2/projects/vault-insight/locations/us-central1/operations/operation-1723640515036-61fa4549e8620-71a887c2-ed673435 [none]
[debug] [2024-08-14T13:02:00.831Z] <<< [apiv2][status] GET https://cloudfunctions.googleapis.com/v2/projects/vault-insight/locations/us-central1/operations/operation-1723640515036-61fa4549e8620-71a887c2-ed673435 200
[debug] [2024-08-14T13:02:00.831Z] <<< [apiv2][body] GET https://cloudfunctions.googleapis.com/v2/projects/vault-insight/locations/us-central1/operations/operation-1723640515036-61fa4549e8620-71a887c2-ed673435 {"name":"projects/vault-insight/locations/us-central1/operations/operation-1723640515036-61fa4549e8620-71a887c2-ed673435","metadata":{"@type":"type.googleapis.com/google.cloud.functions.v2.OperationMetadata","createTime":"2024-08-14T13:01:55.634138913Z","target":"projects/vault-insight/locations/us-central1/functions/createPaymentIntent","verb":"update","cancelRequested":false,"apiVersion":"v2","requestResource":{"@type":"type.googleapis.com/google.cloud.functions.v2.Function","name":"projects/vault-insight/locations/us-central1/functions/createPaymentIntent","buildConfig":{"runtime":"nodejs18","entryPoint":"createPaymentIntent","source":{"storageSource":{"bucket":"gcf-v2-sources-735159432377-us-central1","object":"createPaymentIntent/function-source.zip","generation":"1723640515592441"}},"environmentVariables":{"GOOGLE_NODE_RUN_SCRIPTS":""},"dockerRepository":"projects/vault-insight/locations/us-central1/repositories/gcf-artifacts","sourceProvenance":{"resolvedStorageSource":{"bucket":"gcf-v2-sources-735159432377-us-central1","object":"createPaymentIntent/function-source.zip","generation":"1723637324005120"}},"dockerRegistry":"ARTIFACT_REGISTRY","serviceAccount":"projects/vault-insight/serviceAccounts/735159432377-compute@developer.gserviceaccount.com","automaticUpdatePolicy":{}},"serviceConfig":{"service":"projects/vault-insight/locations/us-central1/services/createpaymentintent","timeoutSeconds":60,"environmentVariables":{"FIREBASE_CONFIG":"{\"projectId\":\"vault-insight\",\"storageBucket\":\"vault-insight.appspot.com\"}","GCLOUD_PROJECT":"vault-insight","EVENTARC_CLOUD_EVENT_SOURCE":"projects/vault-insight/locations/us-central1/services/createPaymentIntent","FUNCTION_TARGET":"createPaymentIntent","LOG_EXECUTION_ID":"true"},"ingressSettings":"ALLOW_ALL","serviceAccountEmail":"735159432377-compute@developer.gserviceaccount.com","availableMemory":"256Mi","allTrafficOnLatestRevision":true,"revision":"createpaymentintent-00001-bav","maxInstanceRequestConcurrency":80,"availableCpu":"1"},"state":"ACTIVE","labels":{"deployment-tool":"cloudfunctions","firebase-functions-hash":"d772b0406b5470b68aa8c052187095fad979a84d"},"environment":"GEN_2","url":"https://us-central1-vault-insight.cloudfunctions.net/createPaymentIntent"},"stages":[{"name":"BUILD","message":"Build in progress","state":"IN_PROGRESS","resource":"projects/735159432377/locations/us-central1/builds/3ff2b09d-7f04-42c4-9953-c39da01bc6c0","resourceUri":"https://console.cloud.google.com/cloud-build/builds;region=us-central1/3ff2b09d-7f04-42c4-9953-c39da01bc6c0?project=735159432377"},{"name":"SERVICE","state":"NOT_STARTED"}],"operationType":"UPDATE_FUNCTION","buildName":"projects/735159432377/locations/us-central1/builds/3ff2b09d-7f04-42c4-9953-c39da01bc6c0"},"done":false}
[debug] [2024-08-14T13:02:04.845Z] [update-default-us-central1-createPaymentIntent] Retrying task index 0
[debug] [2024-08-14T13:02:04.846Z] >>> [apiv2][query] GET https://cloudfunctions.googleapis.com/v2/projects/vault-insight/locations/us-central1/operations/operation-1723640515036-61fa4549e8620-71a887c2-ed673435 [none]
[debug] [2024-08-14T13:02:05.558Z] <<< [apiv2][status] GET https://cloudfunctions.googleapis.com/v2/projects/vault-insight/locations/us-central1/operations/operation-1723640515036-61fa4549e8620-71a887c2-ed673435 200
[debug] [2024-08-14T13:02:05.559Z] <<< [apiv2][body] GET https://cloudfunctions.googleapis.com/v2/projects/vault-insight/locations/us-central1/operations/operation-1723640515036-61fa4549e8620-71a887c2-ed673435 {"name":"projects/vault-insight/locations/us-central1/operations/operation-1723640515036-61fa4549e8620-71a887c2-ed673435","metadata":{"@type":"type.googleapis.com/google.cloud.functions.v2.OperationMetadata","createTime":"2024-08-14T13:01:55.634138913Z","target":"projects/vault-insight/locations/us-central1/functions/createPaymentIntent","verb":"update","cancelRequested":false,"apiVersion":"v2","requestResource":{"@type":"type.googleapis.com/google.cloud.functions.v2.Function","name":"projects/vault-insight/locations/us-central1/functions/createPaymentIntent","buildConfig":{"runtime":"nodejs18","entryPoint":"createPaymentIntent","source":{"storageSource":{"bucket":"gcf-v2-sources-735159432377-us-central1","object":"createPaymentIntent/function-source.zip","generation":"1723640515592441"}},"environmentVariables":{"GOOGLE_NODE_RUN_SCRIPTS":""},"dockerRepository":"projects/vault-insight/locations/us-central1/repositories/gcf-artifacts","sourceProvenance":{"resolvedStorageSource":{"bucket":"gcf-v2-sources-735159432377-us-central1","object":"createPaymentIntent/function-source.zip","generation":"1723637324005120"}},"dockerRegistry":"ARTIFACT_REGISTRY","serviceAccount":"projects/vault-insight/serviceAccounts/735159432377-compute@developer.gserviceaccount.com","automaticUpdatePolicy":{}},"serviceConfig":{"service":"projects/vault-insight/locations/us-central1/services/createpaymentintent","timeoutSeconds":60,"environmentVariables":{"FIREBASE_CONFIG":"{\"projectId\":\"vault-insight\",\"storageBucket\":\"vault-insight.appspot.com\"}","GCLOUD_PROJECT":"vault-insight","EVENTARC_CLOUD_EVENT_SOURCE":"projects/vault-insight/locations/us-central1/services/createPaymentIntent","FUNCTION_TARGET":"createPaymentIntent","LOG_EXECUTION_ID":"true"},"ingressSettings":"ALLOW_ALL","serviceAccountEmail":"735159432377-compute@developer.gserviceaccount.com","availableMemory":"256Mi","allTrafficOnLatestRevision":true,"revision":"createpaymentintent-00001-bav","maxInstanceRequestConcurrency":80,"availableCpu":"1"},"state":"ACTIVE","labels":{"deployment-tool":"cloudfunctions","firebase-functions-hash":"d772b0406b5470b68aa8c052187095fad979a84d"},"environment":"GEN_2","url":"https://us-central1-vault-insight.cloudfunctions.net/createPaymentIntent"},"stages":[{"name":"BUILD","message":"Build in progress","state":"IN_PROGRESS","resource":"projects/735159432377/locations/us-central1/builds/3ff2b09d-7f04-42c4-9953-c39da01bc6c0","resourceUri":"https://console.cloud.google.com/cloud-build/builds;region=us-central1/3ff2b09d-7f04-42c4-9953-c39da01bc6c0?project=735159432377"},{"name":"SERVICE","state":"NOT_STARTED"}],"operationType":"UPDATE_FUNCTION","buildName":"projects/735159432377/locations/us-central1/builds/3ff2b09d-7f04-42c4-9953-c39da01bc6c0"},"done":false}
[debug] [2024-08-14T13:02:13.566Z] [update-default-us-central1-createPaymentIntent] Retrying task index 0
[debug] [2024-08-14T13:02:13.567Z] >>> [apiv2][query] GET https://cloudfunctions.googleapis.com/v2/projects/vault-insight/locations/us-central1/operations/operation-1723640515036-61fa4549e8620-71a887c2-ed673435 [none]
[debug] [2024-08-14T13:02:13.739Z] <<< [apiv2][status] GET https://cloudfunctions.googleapis.com/v2/projects/vault-insight/locations/us-central1/operations/operation-1723640515036-61fa4549e8620-71a887c2-ed673435 200
[debug] [2024-08-14T13:02:13.739Z] <<< [apiv2][body] GET https://cloudfunctions.googleapis.com/v2/projects/vault-insight/locations/us-central1/operations/operation-1723640515036-61fa4549e8620-71a887c2-ed673435 {"name":"projects/vault-insight/locations/us-central1/operations/operation-1723640515036-61fa4549e8620-71a887c2-ed673435","metadata":{"@type":"type.googleapis.com/google.cloud.functions.v2.OperationMetadata","createTime":"2024-08-14T13:01:55.634138913Z","target":"projects/vault-insight/locations/us-central1/functions/createPaymentIntent","verb":"update","cancelRequested":false,"apiVersion":"v2","requestResource":{"@type":"type.googleapis.com/google.cloud.functions.v2.Function","name":"projects/vault-insight/locations/us-central1/functions/createPaymentIntent","buildConfig":{"runtime":"nodejs18","entryPoint":"createPaymentIntent","source":{"storageSource":{"bucket":"gcf-v2-sources-735159432377-us-central1","object":"createPaymentIntent/function-source.zip","generation":"1723640515592441"}},"environmentVariables":{"GOOGLE_NODE_RUN_SCRIPTS":""},"dockerRepository":"projects/vault-insight/locations/us-central1/repositories/gcf-artifacts","sourceProvenance":{"resolvedStorageSource":{"bucket":"gcf-v2-sources-735159432377-us-central1","object":"createPaymentIntent/function-source.zip","generation":"1723637324005120"}},"dockerRegistry":"ARTIFACT_REGISTRY","serviceAccount":"projects/vault-insight/serviceAccounts/735159432377-compute@developer.gserviceaccount.com","automaticUpdatePolicy":{}},"serviceConfig":{"service":"projects/vault-insight/locations/us-central1/services/createpaymentintent","timeoutSeconds":60,"environmentVariables":{"FIREBASE_CONFIG":"{\"projectId\":\"vault-insight\",\"storageBucket\":\"vault-insight.appspot.com\"}","GCLOUD_PROJECT":"vault-insight","EVENTARC_CLOUD_EVENT_SOURCE":"projects/vault-insight/locations/us-central1/services/createPaymentIntent","FUNCTION_TARGET":"createPaymentIntent","LOG_EXECUTION_ID":"true"},"ingressSettings":"ALLOW_ALL","serviceAccountEmail":"735159432377-compute@developer.gserviceaccount.com","availableMemory":"256Mi","allTrafficOnLatestRevision":true,"revision":"createpaymentintent-00001-bav","maxInstanceRequestConcurrency":80,"availableCpu":"1"},"state":"ACTIVE","labels":{"deployment-tool":"cloudfunctions","firebase-functions-hash":"d772b0406b5470b68aa8c052187095fad979a84d"},"environment":"GEN_2","url":"https://us-central1-vault-insight.cloudfunctions.net/createPaymentIntent"},"stages":[{"name":"BUILD","message":"Build in progress","state":"IN_PROGRESS","resource":"projects/735159432377/locations/us-central1/builds/3ff2b09d-7f04-42c4-9953-c39da01bc6c0","resourceUri":"https://console.cloud.google.com/cloud-build/builds;region=us-central1/3ff2b09d-7f04-42c4-9953-c39da01bc6c0?project=735159432377"},{"name":"SERVICE","state":"NOT_STARTED"}],"operationType":"UPDATE_FUNCTION","buildName":"projects/735159432377/locations/us-central1/builds/3ff2b09d-7f04-42c4-9953-c39da01bc6c0"},"done":false}
[debug] [2024-08-14T13:02:23.761Z] [update-default-us-central1-createPaymentIntent] Retrying task index 0
[debug] [2024-08-14T13:02:23.763Z] >>> [apiv2][query] GET https://cloudfunctions.googleapis.com/v2/projects/vault-insight/locations/us-central1/operations/operation-1723640515036-61fa4549e8620-71a887c2-ed673435 [none]
[debug] [2024-08-14T13:02:24.449Z] <<< [apiv2][status] GET https://cloudfunctions.googleapis.com/v2/projects/vault-insight/locations/us-central1/operations/operation-1723640515036-61fa4549e8620-71a887c2-ed673435 200
[debug] [2024-08-14T13:02:24.450Z] <<< [apiv2][body] GET https://cloudfunctions.googleapis.com/v2/projects/vault-insight/locations/us-central1/operations/operation-1723640515036-61fa4549e8620-71a887c2-ed673435 {"name":"projects/vault-insight/locations/us-central1/operations/operation-1723640515036-61fa4549e8620-71a887c2-ed673435","metadata":{"@type":"type.googleapis.com/google.cloud.functions.v2.OperationMetadata","createTime":"2024-08-14T13:01:55.634138913Z","target":"projects/vault-insight/locations/us-central1/functions/createPaymentIntent","verb":"update","cancelRequested":false,"apiVersion":"v2","requestResource":{"@type":"type.googleapis.com/google.cloud.functions.v2.Function","name":"projects/vault-insight/locations/us-central1/functions/createPaymentIntent","buildConfig":{"runtime":"nodejs18","entryPoint":"createPaymentIntent","source":{"storageSource":{"bucket":"gcf-v2-sources-735159432377-us-central1","object":"createPaymentIntent/function-source.zip","generation":"1723640515592441"}},"environmentVariables":{"GOOGLE_NODE_RUN_SCRIPTS":""},"dockerRepository":"projects/vault-insight/locations/us-central1/repositories/gcf-artifacts","sourceProvenance":{"resolvedStorageSource":{"bucket":"gcf-v2-sources-735159432377-us-central1","object":"createPaymentIntent/function-source.zip","generation":"1723637324005120"}},"dockerRegistry":"ARTIFACT_REGISTRY","serviceAccount":"projects/vault-insight/serviceAccounts/735159432377-compute@developer.gserviceaccount.com","automaticUpdatePolicy":{}},"serviceConfig":{"service":"projects/vault-insight/locations/us-central1/services/createpaymentintent","timeoutSeconds":60,"environmentVariables":{"FIREBASE_CONFIG":"{\"projectId\":\"vault-insight\",\"storageBucket\":\"vault-insight.appspot.com\"}","GCLOUD_PROJECT":"vault-insight","EVENTARC_CLOUD_EVENT_SOURCE":"projects/vault-insight/locations/us-central1/services/createPaymentIntent","FUNCTION_TARGET":"createPaymentIntent","LOG_EXECUTION_ID":"true"},"ingressSettings":"ALLOW_ALL","serviceAccountEmail":"735159432377-compute@developer.gserviceaccount.com","availableMemory":"256Mi","allTrafficOnLatestRevision":true,"revision":"createpaymentintent-00001-bav","maxInstanceRequestConcurrency":80,"availableCpu":"1"},"state":"ACTIVE","labels":{"deployment-tool":"cloudfunctions","firebase-functions-hash":"d772b0406b5470b68aa8c052187095fad979a84d"},"environment":"GEN_2","url":"https://us-central1-vault-insight.cloudfunctions.net/createPaymentIntent"},"stages":[{"name":"BUILD","message":"Build in progress","state":"IN_PROGRESS","resource":"projects/735159432377/locations/us-central1/builds/3ff2b09d-7f04-42c4-9953-c39da01bc6c0","resourceUri":"https://console.cloud.google.com/cloud-build/builds;region=us-central1/3ff2b09d-7f04-42c4-9953-c39da01bc6c0?project=735159432377"},{"name":"SERVICE","state":"NOT_STARTED"}],"operationType":"UPDATE_FUNCTION","buildName":"projects/735159432377/locations/us-central1/builds/3ff2b09d-7f04-42c4-9953-c39da01bc6c0"},"done":false}
[debug] [2024-08-14T13:02:34.456Z] [update-default-us-central1-createPaymentIntent] Retrying task index 0
[debug] [2024-08-14T13:02:34.457Z] >>> [apiv2][query] GET https://cloudfunctions.googleapis.com/v2/projects/vault-insight/locations/us-central1/operations/operation-1723640515036-61fa4549e8620-71a887c2-ed673435 [none]
[debug] [2024-08-14T13:02:35.191Z] <<< [apiv2][status] GET https://cloudfunctions.googleapis.com/v2/projects/vault-insight/locations/us-central1/operations/operation-1723640515036-61fa4549e8620-71a887c2-ed673435 200
[debug] [2024-08-14T13:02:35.191Z] <<< [apiv2][body] GET https://cloudfunctions.googleapis.com/v2/projects/vault-insight/locations/us-central1/operations/operation-1723640515036-61fa4549e8620-71a887c2-ed673435 {"name":"projects/vault-insight/locations/us-central1/operations/operation-1723640515036-61fa4549e8620-71a887c2-ed673435","metadata":{"@type":"type.googleapis.com/google.cloud.functions.v2.OperationMetadata","createTime":"2024-08-14T13:01:55.634138913Z","target":"projects/vault-insight/locations/us-central1/functions/createPaymentIntent","verb":"update","cancelRequested":false,"apiVersion":"v2","requestResource":{"@type":"type.googleapis.com/google.cloud.functions.v2.Function","name":"projects/vault-insight/locations/us-central1/functions/createPaymentIntent","buildConfig":{"runtime":"nodejs18","entryPoint":"createPaymentIntent","source":{"storageSource":{"bucket":"gcf-v2-sources-735159432377-us-central1","object":"createPaymentIntent/function-source.zip","generation":"1723640515592441"}},"environmentVariables":{"GOOGLE_NODE_RUN_SCRIPTS":""},"dockerRepository":"projects/vault-insight/locations/us-central1/repositories/gcf-artifacts","sourceProvenance":{"resolvedStorageSource":{"bucket":"gcf-v2-sources-735159432377-us-central1","object":"createPaymentIntent/function-source.zip","generation":"1723637324005120"}},"dockerRegistry":"ARTIFACT_REGISTRY","serviceAccount":"projects/vault-insight/serviceAccounts/735159432377-compute@developer.gserviceaccount.com","automaticUpdatePolicy":{}},"serviceConfig":{"service":"projects/vault-insight/locations/us-central1/services/createpaymentintent","timeoutSeconds":60,"environmentVariables":{"FIREBASE_CONFIG":"{\"projectId\":\"vault-insight\",\"storageBucket\":\"vault-insight.appspot.com\"}","GCLOUD_PROJECT":"vault-insight","EVENTARC_CLOUD_EVENT_SOURCE":"projects/vault-insight/locations/us-central1/services/createPaymentIntent","FUNCTION_TARGET":"createPaymentIntent","LOG_EXECUTION_ID":"true"},"ingressSettings":"ALLOW_ALL","serviceAccountEmail":"735159432377-compute@developer.gserviceaccount.com","availableMemory":"256Mi","allTrafficOnLatestRevision":true,"revision":"createpaymentintent-00001-bav","maxInstanceRequestConcurrency":80,"availableCpu":"1"},"state":"ACTIVE","labels":{"deployment-tool":"cloudfunctions","firebase-functions-hash":"d772b0406b5470b68aa8c052187095fad979a84d"},"environment":"GEN_2","url":"https://us-central1-vault-insight.cloudfunctions.net/createPaymentIntent"},"stages":[{"name":"BUILD","message":"Build in progress","state":"IN_PROGRESS","resource":"projects/735159432377/locations/us-central1/builds/3ff2b09d-7f04-42c4-9953-c39da01bc6c0","resourceUri":"https://console.cloud.google.com/cloud-build/builds;region=us-central1/3ff2b09d-7f04-42c4-9953-c39da01bc6c0?project=735159432377"},{"name":"SERVICE","state":"NOT_STARTED"}],"operationType":"UPDATE_FUNCTION","buildName":"projects/735159432377/locations/us-central1/builds/3ff2b09d-7f04-42c4-9953-c39da01bc6c0"},"done":false}
[debug] [2024-08-14T13:02:45.194Z] [update-default-us-central1-createPaymentIntent] Retrying task index 0
[debug] [2024-08-14T13:02:45.195Z] >>> [apiv2][query] GET https://cloudfunctions.googleapis.com/v2/projects/vault-insight/locations/us-central1/operations/operation-1723640515036-61fa4549e8620-71a887c2-ed673435 [none]
[debug] [2024-08-14T13:02:45.861Z] <<< [apiv2][status] GET https://cloudfunctions.googleapis.com/v2/projects/vault-insight/locations/us-central1/operations/operation-1723640515036-61fa4549e8620-71a887c2-ed673435 200
[debug] [2024-08-14T13:02:45.861Z] <<< [apiv2][body] GET https://cloudfunctions.googleapis.com/v2/projects/vault-insight/locations/us-central1/operations/operation-1723640515036-61fa4549e8620-71a887c2-ed673435 {"name":"projects/vault-insight/locations/us-central1/operations/operation-1723640515036-61fa4549e8620-71a887c2-ed673435","metadata":{"@type":"type.googleapis.com/google.cloud.functions.v2.OperationMetadata","createTime":"2024-08-14T13:01:55.634138913Z","target":"projects/vault-insight/locations/us-central1/functions/createPaymentIntent","verb":"update","cancelRequested":false,"apiVersion":"v2","requestResource":{"@type":"type.googleapis.com/google.cloud.functions.v2.Function","name":"projects/vault-insight/locations/us-central1/functions/createPaymentIntent","buildConfig":{"runtime":"nodejs18","entryPoint":"createPaymentIntent","source":{"storageSource":{"bucket":"gcf-v2-sources-735159432377-us-central1","object":"createPaymentIntent/function-source.zip","generation":"1723640515592441"}},"environmentVariables":{"GOOGLE_NODE_RUN_SCRIPTS":""},"dockerRepository":"projects/vault-insight/locations/us-central1/repositories/gcf-artifacts","sourceProvenance":{"resolvedStorageSource":{"bucket":"gcf-v2-sources-735159432377-us-central1","object":"createPaymentIntent/function-source.zip","generation":"1723637324005120"}},"dockerRegistry":"ARTIFACT_REGISTRY","serviceAccount":"projects/vault-insight/serviceAccounts/735159432377-compute@developer.gserviceaccount.com","automaticUpdatePolicy":{}},"serviceConfig":{"service":"projects/vault-insight/locations/us-central1/services/createpaymentintent","timeoutSeconds":60,"environmentVariables":{"FIREBASE_CONFIG":"{\"projectId\":\"vault-insight\",\"storageBucket\":\"vault-insight.appspot.com\"}","GCLOUD_PROJECT":"vault-insight","EVENTARC_CLOUD_EVENT_SOURCE":"projects/vault-insight/locations/us-central1/services/createPaymentIntent","FUNCTION_TARGET":"createPaymentIntent","LOG_EXECUTION_ID":"true"},"ingressSettings":"ALLOW_ALL","serviceAccountEmail":"735159432377-compute@developer.gserviceaccount.com","availableMemory":"256Mi","allTrafficOnLatestRevision":true,"revision":"createpaymentintent-00001-bav","maxInstanceRequestConcurrency":80,"availableCpu":"1"},"state":"ACTIVE","labels":{"deployment-tool":"cloudfunctions","firebase-functions-hash":"d772b0406b5470b68aa8c052187095fad979a84d"},"environment":"GEN_2","url":"https://us-central1-vault-insight.cloudfunctions.net/createPaymentIntent"},"stages":[{"name":"BUILD","message":"Build finished","state":"COMPLETE","resource":"projects/735159432377/locations/us-central1/builds/3ff2b09d-7f04-42c4-9953-c39da01bc6c0","resourceUri":"https://console.cloud.google.com/cloud-build/builds;region=us-central1/3ff2b09d-7f04-42c4-9953-c39da01bc6c0?project=735159432377"},{"name":"SERVICE","message":"Updating Cloud Run service","state":"IN_PROGRESS","resource":"projects/vault-insight/locations/us-central1/services/createpaymentintent","resourceUri":"https://console.cloud.google.com/run/detail/us-central1/createpaymentintent?project=vault-insight","stateMessages":[{"severity":"INFO","type":"CloudRunServiceNewRevisionTrafficInfo","message":"A new revision will be deployed serving with 100% traffic."}]}],"sourceToken":"Cldwcm9qZWN0cy83MzUxNTk0MzIzNzcvbG9jYXRpb25zL3VzLWNlbnRyYWwxL2J1aWxkcy8zZmYyYjA5ZC03ZjA0LTQyYzQtOTk1My1jMzlkYTAxYmM2YzASVnVzLWNlbnRyYWwxLWRvY2tlci5wa2cuZGV2L3ZhdWx0LWluc2lnaHQvZ2NmLWFydGlmYWN0cy9jcmVhdGVfcGF5bWVudF9pbnRlbnQ6dmVyc2lvbl8xGLnpqteyFSJKcHJvamVjdHMvdmF1bHQtaW5zaWdodC9sb2NhdGlvbnMvdXMtY2VudHJhbDEvZnVuY3Rpb25zL2NyZWF0ZVBheW1lbnRJbnRlbnQqDAjr1fK1BhD42dPQATIIbm9kZWpzMTg6dgojZ2NyLmlvL2dhZS1ydW50aW1lcy9ub2RlanMxODpzdGFibGUST3VzLWNlbnRyYWwxLWRvY2tlci5wa2cuZGV2L3NlcnZlcmxlc3MtcnVudGltZXMvZ29vZ2xlLTIyLWZ1bGwvcnVudGltZXMvbm9kZWpzMThAAQ==","operationType":"UPDATE_FUNCTION","buildName":"projects/735159432377/locations/us-central1/builds/3ff2b09d-7f04-42c4-9953-c39da01bc6c0"},"done":false}
[debug] [2024-08-14T13:02:45.862Z] Got source token Cldwcm9qZWN0cy83MzUxNTk0MzIzNzcvbG9jYXRpb25zL3VzLWNlbnRyYWwxL2J1aWxkcy8zZmYyYjA5ZC03ZjA0LTQyYzQtOTk1My1jMzlkYTAxYmM2YzASVnVzLWNlbnRyYWwxLWRvY2tlci5wa2cuZGV2L3ZhdWx0LWluc2lnaHQvZ2NmLWFydGlmYWN0cy9jcmVhdGVfcGF5bWVudF9pbnRlbnQ6dmVyc2lvbl8xGLnpqteyFSJKcHJvamVjdHMvdmF1bHQtaW5zaWdodC9sb2NhdGlvbnMvdXMtY2VudHJhbDEvZnVuY3Rpb25zL2NyZWF0ZVBheW1lbnRJbnRlbnQqDAjr1fK1BhD42dPQATIIbm9kZWpzMTg6dgojZ2NyLmlvL2dhZS1ydW50aW1lcy9ub2RlanMxODpzdGFibGUST3VzLWNlbnRyYWwxLWRvY2tlci5wa2cuZGV2L3NlcnZlcmxlc3MtcnVudGltZXMvZ29vZ2xlLTIyLWZ1bGwvcnVudGltZXMvbm9kZWpzMThAAQ== for region us-central1
[debug] [2024-08-14T13:02:55.865Z] [update-default-us-central1-createPaymentIntent] Retrying task index 0
[debug] [2024-08-14T13:02:55.866Z] >>> [apiv2][query] GET https://cloudfunctions.googleapis.com/v2/projects/vault-insight/locations/us-central1/operations/operation-1723640515036-61fa4549e8620-71a887c2-ed673435 [none]
[debug] [2024-08-14T13:02:56.561Z] <<< [apiv2][status] GET https://cloudfunctions.googleapis.com/v2/projects/vault-insight/locations/us-central1/operations/operation-1723640515036-61fa4549e8620-71a887c2-ed673435 200
[debug] [2024-08-14T13:02:56.562Z] <<< [apiv2][body] GET https://cloudfunctions.googleapis.com/v2/projects/vault-insight/locations/us-central1/operations/operation-1723640515036-61fa4549e8620-71a887c2-ed673435 {"name":"projects/vault-insight/locations/us-central1/operations/operation-1723640515036-61fa4549e8620-71a887c2-ed673435","metadata":{"@type":"type.googleapis.com/google.cloud.functions.v2.OperationMetadata","createTime":"2024-08-14T13:01:55.634138913Z","target":"projects/vault-insight/locations/us-central1/functions/createPaymentIntent","verb":"update","cancelRequested":false,"apiVersion":"v2","requestResource":{"@type":"type.googleapis.com/google.cloud.functions.v2.Function","name":"projects/vault-insight/locations/us-central1/functions/createPaymentIntent","buildConfig":{"runtime":"nodejs18","entryPoint":"createPaymentIntent","source":{"storageSource":{"bucket":"gcf-v2-sources-735159432377-us-central1","object":"createPaymentIntent/function-source.zip","generation":"1723640515592441"}},"environmentVariables":{"GOOGLE_NODE_RUN_SCRIPTS":""},"dockerRepository":"projects/vault-insight/locations/us-central1/repositories/gcf-artifacts","sourceProvenance":{"resolvedStorageSource":{"bucket":"gcf-v2-sources-735159432377-us-central1","object":"createPaymentIntent/function-source.zip","generation":"1723637324005120"}},"dockerRegistry":"ARTIFACT_REGISTRY","serviceAccount":"projects/vault-insight/serviceAccounts/735159432377-compute@developer.gserviceaccount.com","automaticUpdatePolicy":{}},"serviceConfig":{"service":"projects/vault-insight/locations/us-central1/services/createpaymentintent","timeoutSeconds":60,"environmentVariables":{"FIREBASE_CONFIG":"{\"projectId\":\"vault-insight\",\"storageBucket\":\"vault-insight.appspot.com\"}","GCLOUD_PROJECT":"vault-insight","EVENTARC_CLOUD_EVENT_SOURCE":"projects/vault-insight/locations/us-central1/services/createPaymentIntent","FUNCTION_TARGET":"createPaymentIntent","LOG_EXECUTION_ID":"true"},"ingressSettings":"ALLOW_ALL","serviceAccountEmail":"735159432377-compute@developer.gserviceaccount.com","availableMemory":"256Mi","allTrafficOnLatestRevision":true,"revision":"createpaymentintent-00001-bav","maxInstanceRequestConcurrency":80,"availableCpu":"1"},"state":"ACTIVE","labels":{"deployment-tool":"cloudfunctions","firebase-functions-hash":"d772b0406b5470b68aa8c052187095fad979a84d"},"environment":"GEN_2","url":"https://us-central1-vault-insight.cloudfunctions.net/createPaymentIntent"},"stages":[{"name":"BUILD","message":"Build finished","state":"COMPLETE","resource":"projects/735159432377/locations/us-central1/builds/3ff2b09d-7f04-42c4-9953-c39da01bc6c0","resourceUri":"https://console.cloud.google.com/cloud-build/builds;region=us-central1/3ff2b09d-7f04-42c4-9953-c39da01bc6c0?project=735159432377"},{"name":"SERVICE","message":"Updating Cloud Run service","state":"IN_PROGRESS","resource":"projects/vault-insight/locations/us-central1/services/createpaymentintent","resourceUri":"https://console.cloud.google.com/run/detail/us-central1/createpaymentintent?project=vault-insight","stateMessages":[{"severity":"INFO","type":"CloudRunServiceNewRevisionTrafficInfo","message":"A new revision will be deployed serving with 100% traffic."}]}],"sourceToken":"Cldwcm9qZWN0cy83MzUxNTk0MzIzNzcvbG9jYXRpb25zL3VzLWNlbnRyYWwxL2J1aWxkcy8zZmYyYjA5ZC03ZjA0LTQyYzQtOTk1My1jMzlkYTAxYmM2YzASVnVzLWNlbnRyYWwxLWRvY2tlci5wa2cuZGV2L3ZhdWx0LWluc2lnaHQvZ2NmLWFydGlmYWN0cy9jcmVhdGVfcGF5bWVudF9pbnRlbnQ6dmVyc2lvbl8xGLnpqteyFSJKcHJvamVjdHMvdmF1bHQtaW5zaWdodC9sb2NhdGlvbnMvdXMtY2VudHJhbDEvZnVuY3Rpb25zL2NyZWF0ZVBheW1lbnRJbnRlbnQqDAjr1fK1BhD42dPQATIIbm9kZWpzMTg6dgojZ2NyLmlvL2dhZS1ydW50aW1lcy9ub2RlanMxODpzdGFibGUST3VzLWNlbnRyYWwxLWRvY2tlci5wa2cuZGV2L3NlcnZlcmxlc3MtcnVudGltZXMvZ29vZ2xlLTIyLWZ1bGwvcnVudGltZXMvbm9kZWpzMThAAQ==","operationType":"UPDATE_FUNCTION","buildName":"projects/735159432377/locations/us-central1/builds/3ff2b09d-7f04-42c4-9953-c39da01bc6c0"},"done":false}
[debug] [2024-08-14T13:02:56.562Z] Got source token Cldwcm9qZWN0cy83MzUxNTk0MzIzNzcvbG9jYXRpb25zL3VzLWNlbnRyYWwxL2J1aWxkcy8zZmYyYjA5ZC03ZjA0LTQyYzQtOTk1My1jMzlkYTAxYmM2YzASVnVzLWNlbnRyYWwxLWRvY2tlci5wa2cuZGV2L3ZhdWx0LWluc2lnaHQvZ2NmLWFydGlmYWN0cy9jcmVhdGVfcGF5bWVudF9pbnRlbnQ6dmVyc2lvbl8xGLnpqteyFSJKcHJvamVjdHMvdmF1bHQtaW5zaWdodC9sb2NhdGlvbnMvdXMtY2VudHJhbDEvZnVuY3Rpb25zL2NyZWF0ZVBheW1lbnRJbnRlbnQqDAjr1fK1BhD42dPQATIIbm9kZWpzMTg6dgojZ2NyLmlvL2dhZS1ydW50aW1lcy9ub2RlanMxODpzdGFibGUST3VzLWNlbnRyYWwxLWRvY2tlci5wa2cuZGV2L3NlcnZlcmxlc3MtcnVudGltZXMvZ29vZ2xlLTIyLWZ1bGwvcnVudGltZXMvbm9kZWpzMThAAQ== for region us-central1
[debug] [2024-08-14T13:03:06.569Z] [update-default-us-central1-createPaymentIntent] Retrying task index 0
[debug] [2024-08-14T13:03:06.570Z] >>> [apiv2][query] GET https://cloudfunctions.googleapis.com/v2/projects/vault-insight/locations/us-central1/operations/operation-1723640515036-61fa4549e8620-71a887c2-ed673435 [none]
[debug] [2024-08-14T13:03:07.252Z] <<< [apiv2][status] GET https://cloudfunctions.googleapis.com/v2/projects/vault-insight/locations/us-central1/operations/operation-1723640515036-61fa4549e8620-71a887c2-ed673435 200
[debug] [2024-08-14T13:03:07.253Z] <<< [apiv2][body] GET https://cloudfunctions.googleapis.com/v2/projects/vault-insight/locations/us-central1/operations/operation-1723640515036-61fa4549e8620-71a887c2-ed673435 {"name":"projects/vault-insight/locations/us-central1/operations/operation-1723640515036-61fa4549e8620-71a887c2-ed673435","metadata":{"@type":"type.googleapis.com/google.cloud.functions.v2.OperationMetadata","createTime":"2024-08-14T13:01:55.634138913Z","endTime":"2024-08-14T13:02:59.615902655Z","target":"projects/vault-insight/locations/us-central1/functions/createPaymentIntent","verb":"update","cancelRequested":false,"apiVersion":"v2","requestResource":{"@type":"type.googleapis.com/google.cloud.functions.v2.Function","name":"projects/vault-insight/locations/us-central1/functions/createPaymentIntent","buildConfig":{"runtime":"nodejs18","entryPoint":"createPaymentIntent","source":{"storageSource":{"bucket":"gcf-v2-sources-735159432377-us-central1","object":"createPaymentIntent/function-source.zip","generation":"1723640515592441"}},"environmentVariables":{"GOOGLE_NODE_RUN_SCRIPTS":""},"dockerRepository":"projects/vault-insight/locations/us-central1/repositories/gcf-artifacts","sourceProvenance":{"resolvedStorageSource":{"bucket":"gcf-v2-sources-735159432377-us-central1","object":"createPaymentIntent/function-source.zip","generation":"1723637324005120"}},"dockerRegistry":"ARTIFACT_REGISTRY","serviceAccount":"projects/vault-insight/serviceAccounts/735159432377-compute@developer.gserviceaccount.com","automaticUpdatePolicy":{}},"serviceConfig":{"service":"projects/vault-insight/locations/us-central1/services/createpaymentintent","timeoutSeconds":60,"environmentVariables":{"FIREBASE_CONFIG":"{\"projectId\":\"vault-insight\",\"storageBucket\":\"vault-insight.appspot.com\"}","GCLOUD_PROJECT":"vault-insight","EVENTARC_CLOUD_EVENT_SOURCE":"projects/vault-insight/locations/us-central1/services/createPaymentIntent","FUNCTION_TARGET":"createPaymentIntent","LOG_EXECUTION_ID":"true"},"ingressSettings":"ALLOW_ALL","serviceAccountEmail":"735159432377-compute@developer.gserviceaccount.com","availableMemory":"256Mi","allTrafficOnLatestRevision":true,"revision":"createpaymentintent-00001-bav","maxInstanceRequestConcurrency":80,"availableCpu":"1"},"state":"ACTIVE","labels":{"deployment-tool":"cloudfunctions","firebase-functions-hash":"d772b0406b5470b68aa8c052187095fad979a84d"},"environment":"GEN_2","url":"https://us-central1-vault-insight.cloudfunctions.net/createPaymentIntent"},"stages":[{"name":"SERVICE","state":"NOT_STARTED"}],"operationType":"UPDATE_FUNCTION"},"done":true,"error":{"code":3,"message":"Could not create or update Cloud Run service createpaymentintent, Container Healthcheck failed. Revision 'createpaymentintent-00002-moz' is not ready and cannot serve traffic. The user-provided container failed to start and listen on the port defined provided by the PORT=8080 environment variable. Logs for this revision might contain more information.\n\nLogs URL: https://console.cloud.google.com/logs/viewer?project=vault-insight&resource=cloud_run_revision/service_name/createpaymentintent/revision_name/createpaymentintent-00002-moz&advancedFilter=resource.type%3D%22cloud_run_revision%22%0Aresource.labels.service_name%3D%22createpaymentintent%22%0Aresource.labels.revision_name%3D%22createpaymentintent-00002-moz%22 \nFor more troubleshooting guidance, see https://cloud.google.com/run/docs/troubleshooting#container-failed-to-start"}}
[debug] [2024-08-14T13:03:07.253Z] Got source token undefined for region us-central1
[error] Could not create or update Cloud Run service createpaymentintent, Container Healthcheck failed. Revision 'createpaymentintent-00002-moz' is not ready and cannot serve traffic. The user-provided container failed to start and listen on the port defined provided by the PORT=8080 environment variable. Logs for this revision might contain more information.

Logs URL: https://console.cloud.google.com/logs/viewer?project=vault-insight&resource=cloud_run_revision/service_name/createpaymentintent/revision_name/createpaymentintent-00002-moz&advancedFilter=resource.type%3D%22cloud_run_revision%22%0Aresource.labels.service_name%3D%22createpaymentintent%22%0Aresource.labels.revision_name%3D%22createpaymentintent-00002-moz%22 
For more troubleshooting guidance, see https://cloud.google.com/run/docs/troubleshooting#container-failed-to-start
[debug] [2024-08-14T13:03:07.278Z] Total Function Deployment time: 72416
[debug] [2024-08-14T13:03:07.278Z] 1 Functions Deployed
[debug] [2024-08-14T13:03:07.278Z] 1 Functions Errored
[debug] [2024-08-14T13:03:07.278Z] 0 Function Deployments Aborted
[debug] [2024-08-14T13:03:07.278Z] Average Function Deployment time: 72412
[info] 
[info] Functions deploy had errors with the following functions:
	createPaymentIntent(us-central1)
[debug] [2024-08-14T13:03:07.319Z] Not printing URL for HTTPS function. Typically this means it didn't match a filter or we failed deployment
[info] i  functions: cleaning up build files... 
[debug] [2024-08-14T13:03:07.321Z] >>> [apiv2][query] DELETE https://artifactregistry.googleapis.com/v1beta2/projects/vault-insight/locations/us-central1/repositories/gcf-artifacts/packages/create_payment_intent [none]
[debug] [2024-08-14T13:03:07.321Z] >>> [apiv2][query] GET https://us.gcr.io/v2/vault-insight/gcf/us-central1/tags/list [none]
[debug] [2024-08-14T13:03:07.597Z] <<< [apiv2][status] GET https://us.gcr.io/v2/vault-insight/gcf/us-central1/tags/list 404
[debug] [2024-08-14T13:03:07.598Z] <<< [apiv2][body] GET https://us.gcr.io/v2/vault-insight/gcf/us-central1/tags/list {"errors":[{"code":"NAME_UNKNOWN","message":"Repository \"us.gcr.io\" not found"}]}
[debug] [2024-08-14T13:03:07.600Z] Failed docker command with error  HTTP Error: 404, Not Found {"name":"FirebaseError","children":[],"context":{"body":{"errors":[{"code":"NAME_UNKNOWN","message":"Repository \"us.gcr.io\" not found"}],"error":{"message":"Not Found"}},"response":{"statusCode":404}},"exit":1,"message":"HTTP Error: 404, Not Found","status":404}
[debug] [2024-08-14T13:03:07.602Z] >>> [apiv2][query] GET https://us.gcr.io/v2/vault-insight/gcf/us-central1/tags/list [none]
[debug] [2024-08-14T13:03:07.825Z] <<< [apiv2][status] GET https://us.gcr.io/v2/vault-insight/gcf/us-central1/tags/list 404
[debug] [2024-08-14T13:03:07.826Z] <<< [apiv2][body] GET https://us.gcr.io/v2/vault-insight/gcf/us-central1/tags/list {"errors":[{"code":"NAME_UNKNOWN","message":"Repository \"us.gcr.io\" not found"}]}
[debug] [2024-08-14T13:03:07.826Z] Failed docker command with error  HTTP Error: 404, Not Found {"name":"FirebaseError","children":[],"context":{"body":{"errors":[{"code":"NAME_UNKNOWN","message":"Repository \"us.gcr.io\" not found"}],"error":{"message":"Not Found"}},"response":{"statusCode":404}},"exit":1,"message":"HTTP Error: 404, Not Found","status":404}
[debug] [2024-08-14T13:03:07.936Z] >>> [apiv2][query] GET https://us.gcr.io/v2/vault-insight/gcf/us-central1/tags/list [none]
[debug] [2024-08-14T13:03:08.020Z] <<< [apiv2][status] DELETE https://artifactregistry.googleapis.com/v1beta2/projects/vault-insight/locations/us-central1/repositories/gcf-artifacts/packages/create_payment_intent 200
[debug] [2024-08-14T13:03:08.021Z] <<< [apiv2][body] DELETE https://artifactregistry.googleapis.com/v1beta2/projects/vault-insight/locations/us-central1/repositories/gcf-artifacts/packages/create_payment_intent {"name":"projects/vault-insight/locations/us-central1/operations/60a6c339-1dce-440c-84d5-05fa0c455d62","metadata":{"@type":"type.googleapis.com/google.devtools.artifactregistry.v1beta2.OperationMetadata"}}
[debug] [2024-08-14T13:03:08.022Z] >>> [apiv2][query] GET https://artifactregistry.googleapis.com/v1beta2/projects/vault-insight/locations/us-central1/operations/60a6c339-1dce-440c-84d5-05fa0c455d62 [none]
[debug] [2024-08-14T13:03:08.147Z] <<< [apiv2][status] GET https://us.gcr.io/v2/vault-insight/gcf/us-central1/tags/list 404
[debug] [2024-08-14T13:03:08.147Z] <<< [apiv2][body] GET https://us.gcr.io/v2/vault-insight/gcf/us-central1/tags/list {"errors":[{"code":"NAME_UNKNOWN","message":"Repository \"us.gcr.io\" not found"}]}
[debug] [2024-08-14T13:03:08.148Z] Failed docker command with error  HTTP Error: 404, Not Found {"name":"FirebaseError","children":[],"context":{"body":{"errors":[{"code":"NAME_UNKNOWN","message":"Repository \"us.gcr.io\" not found"}],"error":{"message":"Not Found"}},"response":{"statusCode":404}},"exit":1,"message":"HTTP Error: 404, Not Found","status":404}
[debug] [2024-08-14T13:03:08.687Z] <<< [apiv2][status] GET https://artifactregistry.googleapis.com/v1beta2/projects/vault-insight/locations/us-central1/operations/60a6c339-1dce-440c-84d5-05fa0c455d62 200
[debug] [2024-08-14T13:03:08.687Z] <<< [apiv2][body] GET https://artifactregistry.googleapis.com/v1beta2/projects/vault-insight/locations/us-central1/operations/60a6c339-1dce-440c-84d5-05fa0c455d62 {"name":"projects/vault-insight/locations/us-central1/operations/60a6c339-1dce-440c-84d5-05fa0c455d62","metadata":{"@type":"type.googleapis.com/google.devtools.artifactregistry.v1beta2.OperationMetadata"},"done":true,"response":{"@type":"type.googleapis.com/google.protobuf.Empty"}}
[warn] !  functions: Unhandled error cleaning up build images. This could result in a small monthly bill if not corrected. You can attempt to delete these images by redeploying or you can delete them manually at https://console.cloud.google.com/gcr/images/vault-insight/us/gcf 
[debug] [2024-08-14T13:03:08.690Z] Functions deploy failed.
[debug] [2024-08-14T13:03:08.690Z] {
  "endpoint": {
    "id": "createPaymentIntent",
    "project": "vault-insight",
    "region": "us-central1",
    "entryPoint": "createPaymentIntent",
    "platform": "gcfv2",
    "runtime": "nodejs18",
    "httpsTrigger": {},
    "labels": {
      "deployment-tool": "cli-firebase"
    },
    "ingressSettings": null,
    "availableMemoryMb": null,
    "serviceAccount": null,
    "timeoutSeconds": null,
    "maxInstances": null,
    "minInstances": null,
    "concurrency": 80,
    "vpc": null,
    "environmentVariables": {
      "FIREBASE_CONFIG": "{\"projectId\":\"vault-insight\",\"storageBucket\":\"vault-insight.appspot.com\"}",
      "GCLOUD_PROJECT": "vault-insight",
      "EVENTARC_CLOUD_EVENT_SOURCE": "projects/vault-insight/locations/us-central1/services/createPaymentIntent",
      "FUNCTION_TARGET": "createPaymentIntent",
      "LOG_EXECUTION_ID": "true"
    },
    "codebase": "default",
    "runServiceId": "createpaymentintent",
    "cpu": 1,
    "securityLevel": "SECURE_ALWAYS",
    "targetedByOnly": true,
    "hash": "d772b0406b5470b68aa8c052187095fad979a84d"
  },
  "op": "update",
  "original": {
    "name": "FirebaseError",
    "children": [],
    "exit": 1,
    "message": "Could not create or update Cloud Run service createpaymentintent, Container Healthcheck failed. Revision 'createpaymentintent-00002-moz' is not ready and cannot serve traffic. The user-provided container failed to start and listen on the port defined provided by the PORT=8080 environment variable. Logs for this revision might contain more information.\n\nLogs URL: https://console.cloud.google.com/logs/viewer?project=vault-insight&resource=cloud_run_revision/service_name/createpaymentintent/revision_name/createpaymentintent-00002-moz&advancedFilter=resource.type%3D%22cloud_run_revision%22%0Aresource.labels.service_name%3D%22createpaymentintent%22%0Aresource.labels.revision_name%3D%22createpaymentintent-00002-moz%22 \nFor more troubleshooting guidance, see https://cloud.google.com/run/docs/troubleshooting#container-failed-to-start",
    "original": {
      "code": 3,
      "message": "Could not create or update Cloud Run service createpaymentintent, Container Healthcheck failed. Revision 'createpaymentintent-00002-moz' is not ready and cannot serve traffic. The user-provided container failed to start and listen on the port defined provided by the PORT=8080 environment variable. Logs for this revision might contain more information.\n\nLogs URL: https://console.cloud.google.com/logs/viewer?project=vault-insight&resource=cloud_run_revision/service_name/createpaymentintent/revision_name/createpaymentintent-00002-moz&advancedFilter=resource.type%3D%22cloud_run_revision%22%0Aresource.labels.service_name%3D%22createpaymentintent%22%0Aresource.labels.revision_name%3D%22createpaymentintent-00002-moz%22 \nFor more troubleshooting guidance, see https://cloud.google.com/run/docs/troubleshooting#container-failed-to-start"
    },
    "status": 3,
    "code": 3
  }
}
[debug] [2024-08-14T13:03:08.708Z] Error: Failed to update function createPaymentIntent in region us-central1
    at C:\Users\pc\AppData\Roaming\npm\node_modules\firebase-tools\lib\deploy\functions\release\fabricator.js:399:19
    at process.processTicksAndRejections (node:internal/process/task_queues:95:5)
    at async Fabricator.updateV2Function (C:\Users\pc\AppData\Roaming\npm\node_modules\firebase-tools\lib\deploy\functions\release\fabricator.js:388:32)
    at async Fabricator.updateEndpoint (C:\Users\pc\AppData\Roaming\npm\node_modules\firebase-tools\lib\deploy\functions\release\fabricator.js:155:13)
    at async handle (C:\Users\pc\AppData\Roaming\npm\node_modules\firebase-tools\lib\deploy\functions\release\fabricator.js:89:17)
[error] 
[error] Error: There was an error deploying functions
